This file contains any messages produced by compilers while
running configure, to aid debugging if configure makes a mistake.

It was created by FULL-PACKAGE-NAME configure VERSION, which was
generated by GNU Autoconf 2.69.  Invocation command line was

  $ ./configure 

## --------- ##
## Platform. ##
## --------- ##

hostname = Williams-MacBook-Pro.local
uname -m = x86_64
uname -r = 12.4.0
uname -s = Darwin
uname -v = Darwin Kernel Version 12.4.0: Wed May  1 17:57:12 PDT 2013; root:xnu-2050.24.15~1/RELEASE_X86_64

/usr/bin/uname -p = i386
/bin/uname -X     = unknown

/bin/arch              = unknown
/usr/bin/arch -k       = unknown
/usr/convex/getsysinfo = unknown
/usr/bin/hostinfo      = Mach kernel version:
	 Darwin Kernel Version 12.4.0: Wed May  1 17:57:12 PDT 2013; root:xnu-2050.24.15~1/RELEASE_X86_64
Kernel configured for up to 8 processors.
4 processors are physically available.
8 processors are logically available.
Processor type: i486 (Intel 80486)
Processors active: 0 1 2 3 4 5 6 7
Primary memory available: 16.00 gigabytes
Default processor set: 112 tasks, 611 threads, 8 processors
Load average: 1.24, Mach factor: 6.75
/bin/machine           = unknown
/usr/bin/oslevel       = unknown
/bin/universe          = unknown

PATH: /Library/Frameworks/Python.framework/Versions/2.7/bin
PATH: /opt/local/bin
PATH: /opt/local/sbin
PATH: /Library/Frameworks/Python.framework/Versions/2.7/bin
PATH: /opt/local/bin
PATH: /opt/local/sbin
PATH: /usr/bin
PATH: /bin
PATH: /usr/sbin
PATH: /sbin
PATH: /usr/local/bin
PATH: /opt/X11/bin
PATH: /usr/local/git/bin
PATH: /Developer/Tools/Panda3D
PATH: /usr/texbin
PATH: /Users/grudy/.rvm/bin


## ----------- ##
## Core tests. ##
## ----------- ##

configure:2081: checking for gcc
configure:2097: found /usr/bin/gcc
configure:2108: result: gcc
configure:2337: checking for C compiler version
configure:2346: gcc --version >&5
i686-apple-darwin11-llvm-gcc-4.2 (GCC) 4.2.1 (Based on Apple Inc. build 5658) (LLVM build 2336.11.00)
Copyright (C) 2007 Free Software Foundation, Inc.
This is free software; see the source for copying conditions.  There is NO
warranty; not even for MERCHANTABILITY or FITNESS FOR A PARTICULAR PURPOSE.

configure:2357: $? = 0
configure:2346: gcc -v >&5
Using built-in specs.
Target: i686-apple-darwin11
Configured with: /private/var/tmp/llvmgcc42/llvmgcc42-2336.11~182/src/configure --disable-checking --enable-werror --prefix=/Applications/Xcode.app/Contents/Developer/usr/llvm-gcc-4.2 --mandir=/share/man --enable-languages=c,objc,c++,obj-c++ --program-prefix=llvm- --program-transform-name=/^[cg][^.-]*$/s/$/-4.2/ --with-slibdir=/usr/lib --build=i686-apple-darwin11 --enable-llvm=/private/var/tmp/llvmgcc42/llvmgcc42-2336.11~182/dst-llvmCore/Developer/usr/local --program-prefix=i686-apple-darwin11- --host=x86_64-apple-darwin11 --target=i686-apple-darwin11 --with-gxx-include-dir=/usr/include/c++/4.2.1
Thread model: posix
gcc version 4.2.1 (Based on Apple Inc. build 5658) (LLVM build 2336.11.00)
configure:2357: $? = 0
configure:2346: gcc -V >&5
llvm-gcc-4.2: argument to `-V' is missing
configure:2357: $? = 1
configure:2346: gcc -qversion >&5
i686-apple-darwin11-llvm-gcc-4.2: no input files
configure:2357: $? = 1
configure:2377: checking whether the C compiler works
configure:2399: gcc    conftest.c  >&5
configure:2403: $? = 0
configure:2451: result: yes
configure:2454: checking for C compiler default output file name
configure:2456: result: a.out
configure:2462: checking for suffix of executables
configure:2469: gcc -o conftest    conftest.c  >&5
configure:2473: $? = 0
configure:2495: result: 
configure:2517: checking whether we are cross compiling
configure:2525: gcc -o conftest    conftest.c  >&5
configure:2529: $? = 0
configure:2536: ./conftest
configure:2540: $? = 0
configure:2555: result: no
configure:2560: checking for suffix of object files
configure:2582: gcc -c   conftest.c >&5
configure:2586: $? = 0
configure:2607: result: o
configure:2611: checking whether we are using the GNU C compiler
configure:2630: gcc -c   conftest.c >&5
configure:2630: $? = 0
configure:2639: result: yes
configure:2648: checking whether gcc accepts -g
configure:2668: gcc -c -g  conftest.c >&5
configure:2668: $? = 0
configure:2709: result: yes
configure:2726: checking for gcc option to accept ISO C89
configure:2789: gcc  -c -g -O2  conftest.c >&5
configure:2789: $? = 0
configure:2802: result: none needed
configure:2832: checking how to run the C preprocessor
configure:2863: gcc -E  conftest.c
configure:2863: $? = 0
configure:2877: gcc -E  conftest.c
conftest.c:9:28: error: ac_nonexistent.h: No such file or directory
configure:2877: $? = 1
configure: failed program was:
| /* confdefs.h */
| #define PACKAGE_NAME "FULL-PACKAGE-NAME"
| #define PACKAGE_TARNAME "full-package-name"
| #define PACKAGE_VERSION "VERSION"
| #define PACKAGE_STRING "FULL-PACKAGE-NAME VERSION"
| #define PACKAGE_BUGREPORT "BUG-REPORT-ADDRESS"
| #define PACKAGE_URL ""
| /* end confdefs.h.  */
| #include <ac_nonexistent.h>
configure:2902: result: gcc -E
configure:2922: gcc -E  conftest.c
configure:2922: $? = 0
configure:2936: gcc -E  conftest.c
conftest.c:9:28: error: ac_nonexistent.h: No such file or directory
configure:2936: $? = 1
configure: failed program was:
| /* confdefs.h */
| #define PACKAGE_NAME "FULL-PACKAGE-NAME"
| #define PACKAGE_TARNAME "full-package-name"
| #define PACKAGE_VERSION "VERSION"
| #define PACKAGE_STRING "FULL-PACKAGE-NAME VERSION"
| #define PACKAGE_BUGREPORT "BUG-REPORT-ADDRESS"
| #define PACKAGE_URL ""
| /* end confdefs.h.  */
| #include <ac_nonexistent.h>
configure:2965: checking for grep that handles long lines and -e
configure:3023: result: /usr/bin/grep
configure:3028: checking for egrep
configure:3090: result: /usr/bin/grep -E
configure:3095: checking for ANSI C header files
configure:3115: gcc -c -g -O2  conftest.c >&5
configure:3115: $? = 0
configure:3188: gcc -o conftest -g -O2   conftest.c  >&5
configure:3188: $? = 0
configure:3188: ./conftest
configure:3188: $? = 0
configure:3199: result: yes
configure:3212: checking for sys/types.h
configure:3212: gcc -c -g -O2  conftest.c >&5
configure:3212: $? = 0
configure:3212: result: yes
configure:3212: checking for sys/stat.h
configure:3212: gcc -c -g -O2  conftest.c >&5
configure:3212: $? = 0
configure:3212: result: yes
configure:3212: checking for stdlib.h
configure:3212: gcc -c -g -O2  conftest.c >&5
configure:3212: $? = 0
configure:3212: result: yes
configure:3212: checking for string.h
configure:3212: gcc -c -g -O2  conftest.c >&5
configure:3212: $? = 0
configure:3212: result: yes
configure:3212: checking for memory.h
configure:3212: gcc -c -g -O2  conftest.c >&5
configure:3212: $? = 0
configure:3212: result: yes
configure:3212: checking for strings.h
configure:3212: gcc -c -g -O2  conftest.c >&5
configure:3212: $? = 0
configure:3212: result: yes
configure:3212: checking for inttypes.h
configure:3212: gcc -c -g -O2  conftest.c >&5
configure:3212: $? = 0
configure:3212: result: yes
configure:3212: checking for stdint.h
configure:3212: gcc -c -g -O2  conftest.c >&5
configure:3212: $? = 0
configure:3212: result: yes
configure:3212: checking for unistd.h
configure:3212: gcc -c -g -O2  conftest.c >&5
configure:3212: $? = 0
configure:3212: result: yes
configure:3227: checking for stdint.h
configure:3227: result: yes
configure:3227: checking for stdlib.h
configure:3227: result: yes
configure:3227: checking for string.h
configure:3227: result: yes
configure:3239: checking for inline
configure:3255: gcc -c -g -O2  conftest.c >&5
configure:3255: $? = 0
configure:3263: result: inline
configure:3281: checking for size_t
configure:3281: gcc -c -g -O2  conftest.c >&5
configure:3281: $? = 0
configure:3281: gcc -c -g -O2  conftest.c >&5
conftest.c: In function 'main':
conftest.c:58: error: expected expression before ')' token
configure:3281: $? = 1
configure: failed program was:
| /* confdefs.h */
| #define PACKAGE_NAME "FULL-PACKAGE-NAME"
| #define PACKAGE_TARNAME "full-package-name"
| #define PACKAGE_VERSION "VERSION"
| #define PACKAGE_STRING "FULL-PACKAGE-NAME VERSION"
| #define PACKAGE_BUGREPORT "BUG-REPORT-ADDRESS"
| #define PACKAGE_URL ""
| #define STDC_HEADERS 1
| #define HAVE_SYS_TYPES_H 1
| #define HAVE_SYS_STAT_H 1
| #define HAVE_STDLIB_H 1
| #define HAVE_STRING_H 1
| #define HAVE_MEMORY_H 1
| #define HAVE_STRINGS_H 1
| #define HAVE_INTTYPES_H 1
| #define HAVE_STDINT_H 1
| #define HAVE_UNISTD_H 1
| #define HAVE_STDINT_H 1
| #define HAVE_STDLIB_H 1
| #define HAVE_STRING_H 1
| /* end confdefs.h.  */
| #include <stdio.h>
| #ifdef HAVE_SYS_TYPES_H
| # include <sys/types.h>
| #endif
| #ifdef HAVE_SYS_STAT_H
| # include <sys/stat.h>
| #endif
| #ifdef STDC_HEADERS
| # include <stdlib.h>
| # include <stddef.h>
| #else
| # ifdef HAVE_STDLIB_H
| #  include <stdlib.h>
| # endif
| #endif
| #ifdef HAVE_STRING_H
| # if !defined STDC_HEADERS && defined HAVE_MEMORY_H
| #  include <memory.h>
| # endif
| # include <string.h>
| #endif
| #ifdef HAVE_STRINGS_H
| # include <strings.h>
| #endif
| #ifdef HAVE_INTTYPES_H
| # include <inttypes.h>
| #endif
| #ifdef HAVE_STDINT_H
| # include <stdint.h>
| #endif
| #ifdef HAVE_UNISTD_H
| # include <unistd.h>
| #endif
| int
| main ()
| {
| if (sizeof ((size_t)))
| 	    return 0;
|   ;
|   return 0;
| }
configure:3281: result: yes
configure:3296: checking for stdlib.h
configure:3296: result: yes
configure:3306: checking for GNU libc compatible malloc
configure:3330: gcc -o conftest -g -O2   conftest.c  >&5
configure:3330: $? = 0
configure:3330: ./conftest
configure:3330: $? = 0
configure:3340: result: yes
configure:3363: checking for stdlib.h
configure:3363: result: yes
configure:3373: checking for GNU libc compatible realloc
configure:3397: gcc -o conftest -g -O2   conftest.c  >&5
configure:3397: $? = 0
configure:3397: ./conftest
configure:3397: $? = 0
configure:3407: result: yes
configure:3545: creating ./config.status

## ---------------------- ##
## Running config.status. ##
## ---------------------- ##

This file was extended by FULL-PACKAGE-NAME config.status VERSION, which was
generated by GNU Autoconf 2.69.  Invocation command line was

  CONFIG_FILES    = 
  CONFIG_HEADERS  = 
  CONFIG_LINKS    = 
  CONFIG_COMMANDS = 
  $ ./config.status 

on Williams-MacBook-Pro.local

config.status:804: creating Makefile
config.status:804: creating config.h

## ---------------- ##
## Cache variables. ##
## ---------------- ##

ac_cv_c_compiler_gnu=yes
ac_cv_c_inline=inline
ac_cv_env_CC_set=
ac_cv_env_CC_value=
ac_cv_env_CFLAGS_set=
ac_cv_env_CFLAGS_value=
ac_cv_env_CPPFLAGS_set=
ac_cv_env_CPPFLAGS_value=
ac_cv_env_CPP_set=
ac_cv_env_CPP_value=
ac_cv_env_LDFLAGS_set=
ac_cv_env_LDFLAGS_value=
ac_cv_env_LIBS_set=
ac_cv_env_LIBS_value=
ac_cv_env_build_alias_set=
ac_cv_env_build_alias_value=
ac_cv_env_host_alias_set=
ac_cv_env_host_alias_value=
ac_cv_env_target_alias_set=
ac_cv_env_target_alias_value=
ac_cv_func_malloc_0_nonnull=yes
ac_cv_func_realloc_0_nonnull=yes
ac_cv_header_inttypes_h=yes
ac_cv_header_memory_h=yes
ac_cv_header_stdc=yes
ac_cv_header_stdint_h=yes
ac_cv_header_stdlib_h=yes
ac_cv_header_string_h=yes
ac_cv_header_strings_h=yes
ac_cv_header_sys_stat_h=yes
ac_cv_header_sys_types_h=yes
ac_cv_header_unistd_h=yes
ac_cv_objext=o
ac_cv_path_EGREP='/usr/bin/grep -E'
ac_cv_path_GREP=/usr/bin/grep
ac_cv_prog_CPP='gcc -E'
ac_cv_prog_ac_ct_CC=gcc
ac_cv_prog_cc_c89=
ac_cv_prog_cc_g=yes
ac_cv_type_size_t=yes

## ----------------- ##
## Output variables. ##
## ----------------- ##

CC='gcc'
CFLAGS='-g -O2'
CPP='gcc -E'
CPPFLAGS=''
DEFS='-DHAVE_CONFIG_H'
ECHO_C='\c'
ECHO_N=''
ECHO_T=''
EGREP='/usr/bin/grep -E'
EXEEXT=''
GREP='/usr/bin/grep'
LDFLAGS=''
LIBOBJS=''
LIBS=''
LTLIBOBJS=''
OBJEXT='o'
PACKAGE_BUGREPORT='BUG-REPORT-ADDRESS'
PACKAGE_NAME='FULL-PACKAGE-NAME'
PACKAGE_STRING='FULL-PACKAGE-NAME VERSION'
PACKAGE_TARNAME='full-package-name'
PACKAGE_URL=''
PACKAGE_VERSION='VERSION'
PATH_SEPARATOR=':'
SHELL='/bin/sh'
ac_ct_CC='gcc'
bindir='${exec_prefix}/bin'
build_alias=''
datadir='${datarootdir}'
datarootdir='${prefix}/share'
docdir='${datarootdir}/doc/${PACKAGE_TARNAME}'
dvidir='${docdir}'
exec_prefix='${prefix}'
host_alias=''
htmldir='${docdir}'
includedir='${prefix}/include'
infodir='${datarootdir}/info'
libdir='${exec_prefix}/lib'
libexecdir='${exec_prefix}/libexec'
localedir='${datarootdir}/locale'
localstatedir='${prefix}/var'
mandir='${datarootdir}/man'
oldincludedir='/usr/include'
pdfdir='${docdir}'
prefix='/usr/local'
program_transform_name='s,x,x,'
psdir='${docdir}'
sbindir='${exec_prefix}/sbin'
sharedstatedir='${prefix}/com'
sysconfdir='${prefix}/etc'
target_alias=''

## ----------- ##
## confdefs.h. ##
## ----------- ##

/* confdefs.h */
#define PACKAGE_NAME "FULL-PACKAGE-NAME"
#define PACKAGE_TARNAME "full-package-name"
#define PACKAGE_VERSION "VERSION"
#define PACKAGE_STRING "FULL-PACKAGE-NAME VERSION"
#define PACKAGE_BUGREPORT "BUG-REPORT-ADDRESS"
#define PACKAGE_URL ""
#define STDC_HEADERS 1
#define HAVE_SYS_TYPES_H 1
#define HAVE_SYS_STAT_H 1
#define HAVE_STDLIB_H 1
#define HAVE_STRING_H 1
#define HAVE_MEMORY_H 1
#define HAVE_STRINGS_H 1
#define HAVE_INTTYPES_H 1
#define HAVE_STDINT_H 1
#define HAVE_UNISTD_H 1
#define HAVE_STDINT_H 1
#define HAVE_STDLIB_H 1
#define HAVE_STRING_H 1
#define HAVE_STDLIB_H 1
#define HAVE_MALLOC 1
#define HAVE_STDLIB_H 1
#define HAVE_REALLOC 1

configure: exit 0
