
 
[ 1 ][ 0 ][ 0 ][ 0 ][ 0 ][ 0 ]
[ 0 ][ 1 ][ 0 ][ 0 ][ 0 ][ 0 ]
[ 0 ][ 0 ][ 1 ][ 0 ][ 0 ][ 0 ]
[ 0 ][ 0 ][ 0 ][ 1 ][ 0 ][ 0 ]
[ 0 ][ 0 ][ 0 ][ 0 ][ 1 ][ 0 ]
[ 0 ][ 0 ][ 0 ][ 0 ][ 0 ][ 1 ]

 
 
 1
 
[ 0 ][-1 ][-1 ][ 0 ][ 0 ]
[ 0 ][-1 ][ 1 ][-1 ][-1 ]
[-1 ][ 0 ][ 1 ][ 0 ][ 0 ]
[ 1 ][ 0 ][ 0 ][ 0 ][-1 ]
[ 1 ][-1 ][ 1 ][ 0 ][ 0 ]

 
 
 
 
[ 0 ][-1 ][-1 ][ 0 ][ 0 ]
[ 0 ][-1 ][ 1 ][-1 ][-1 ]
[-1 ][ 0 ][ 1 ][ 0 ][ 0 ]
[ 1 ][ 0 ][ 0 ][ 0 ][-1 ]
[ 1 ][-1 ][ 1 ][ 0 ][ 0 ]

 
 
 




Write Test: Before write  

 
[ 0 ][ 0 ][ 0 ][ 0 ][ 0 ][ 0 ][ 0 ][ 0 ][ 0 ][ 0 ]
[ 0 ][ 0 ][ 0 ][ 0 ][ 0 ][ 0 ][ 0 ][ 0 ][ 0 ][ 0 ]
[ 0 ][ 0 ][ 0 ][ 0 ][ 0 ][ 0 ][ 0 ][ 0 ][ 0 ][ 0 ]
[ 0 ][ 0 ][ 0 ][ 0 ][ 0 ][ 0 ][ 0 ][ 0 ][ 0 ][ 0 ]
[ 0 ][ 0 ][ 0 ][ 0 ][ 0 ][ 0 ][ 0 ][ 0 ][ 0 ][ 0 ]
[ 0 ][ 0 ][ 0 ][ 0 ][ 0 ][ 0 ][ 0 ][ 0 ][ 0 ][ 0 ]
[ 0 ][ 0 ][ 0 ][ 0 ][ 0 ][ 0 ][ 0 ][ 0 ][ 0 ][ 0 ]
[ 0 ][ 0 ][ 0 ][ 0 ][ 0 ][ 0 ][ 0 ][ 0 ][ 0 ][ 0 ]
[ 0 ][ 0 ][ 0 ][ 0 ][ 0 ][ 0 ][ 0 ][ 0 ][ 0 ][ 0 ]
[ 0 ][ 0 ][ 0 ][ 0 ][ 0 ][ 0 ][ 0 ][ 0 ][ 0 ][ 0 ]

 
 
 after write 

 
[ 0 ][ 0 ][ 0 ][ 0 ][ 0 ][ 0 ][ 0 ][ 0 ][ 0 ][ 0 ]
[ 0 ][ 0 ][ 0 ][ 0 ][ 0 ][ 0 ][ 0 ][ 0 ][ 0 ][ 0 ]
[ 0 ][ 0 ][ 0 ][ 0 ][ 0 ][ 0 ][ 0 ][ 0 ][ 0 ][ 0 ]
[ 0 ][ 0 ][ 0 ][ 0 ][ 0 ][ 0 ][ 0 ][ 0 ][ 0 ][ 0 ]
[ 0 ][ 0 ][ 0 ][ 0 ][ 0 ][ 0 ][ 0 ][ 0 ][ 0 ][ 0 ]
[ 0 ][ 0 ][ 0 ][ 0 ][ 0 ][ 0 ][ 0 ][ 0 ][ 0 ][ 0 ]
[ 0 ][ 0 ][ 0 ][ 0 ][ 0 ][ 0 ][ 0 ][ 0 ][ 0 ][ 0 ]
[ 0 ][ 0 ][ 0 ][ 0 ][ 0 ][ 0 ][ 0 ][ 0 ][ 0 ][ 0 ]
[ 0 ][ 0 ][ 0 ][ 0 ][ 0 ][ 0 ][ 0 ][ 0 ][ 0 ][ 0 ]
[ 0 ][ 0 ][ 0 ][ 0 ][ 0 ][ 0 ][ 0 ][ 0 ][ 0 ][ 0 ]

 
 
 




Equal test was successfulRow Swap Test 
-------------  
Before the swap 
-------------  

 
[ 1 ][ 0 ][ 0 ][ 0 ][ 0 ][ 0 ][ 0 ]
[ 0 ][ 1 ][ 0 ][ 0 ][ 0 ][ 0 ][ 0 ]
[ 0 ][ 0 ][ 1 ][ 0 ][ 0 ][ 0 ][ 0 ]
[ 0 ][ 0 ][ 0 ][ 1 ][ 0 ][ 0 ][ 0 ]
[ 0 ][ 0 ][ 0 ][ 0 ][ 1 ][ 0 ][ 0 ]
[ 0 ][ 0 ][ 0 ][ 0 ][ 0 ][ 1 ][ 0 ]
[ 0 ][ 0 ][ 0 ][ 0 ][ 0 ][ 0 ][ 1 ]

 
 
 After the swap-------------  

 
[ 1 ][ 0 ][ 0 ][ 0 ][ 0 ][ 0 ][ 0 ]
[ 0 ][ 0 ][ 0 ][ 1 ][ 0 ][ 0 ][ 0 ]
[ 0 ][ 0 ][ 1 ][ 0 ][ 0 ][ 0 ][ 0 ]
[ 0 ][ 0 ][ 0 ][ 0 ][ 0 ][ 0 ][ 0 ]
[ 0 ][ 0 ][ 0 ][ 0 ][ 1 ][ 0 ][ 0 ]
[ 0 ][ 0 ][ 0 ][ 0 ][ 0 ][ 1 ][ 0 ]
[ 0 ][ 0 ][ 0 ][ 0 ][ 0 ][ 0 ][ 1 ]

 
 
 Col Swap Test 
-------------  
Before the swap 
-------------  

 
[ 1 ][ 0 ][ 0 ][ 0 ][ 0 ][ 0 ]
[ 0 ][ 1 ][ 0 ][ 0 ][ 0 ][ 0 ]
[ 0 ][ 0 ][ 1 ][ 0 ][ 0 ][ 0 ]
[ 0 ][ 0 ][ 0 ][ 1 ][ 0 ][ 0 ]
[ 0 ][ 0 ][ 0 ][ 0 ][ 1 ][ 0 ]
[ 0 ][ 0 ][ 0 ][ 0 ][ 0 ][ 1 ]

 
 
 After the swap-------------  

 
[ 1 ][ 0 ][ 0 ][ 0 ][ 0 ][ 0 ]
[ 0 ][ 0 ][ 0 ][ 1 ][ 0 ][ 0 ]
[ 0 ][ 0 ][ 1 ][ 0 ][ 0 ][ 0 ]
[ 0 ][ 0 ][ 0 ][ 0 ][ 0 ][ 0 ]
[ 0 ][ 0 ][ 0 ][ 0 ][ 1 ][ 0 ]
[ 0 ][ 0 ][ 0 ][ 0 ][ 0 ][ 1 ]

 
 
 Addition Test 
Matrix a: 

 
[ 1 ][-1 ][ 1 ][ 0 ][-1 ][-1 ][ 0 ][ 1 ][ 0 ][-1 ][ 0 ][ 0 ][-1 ][-1 ][-1 ][ 0 ][ 1 ][ 1 ][ 0 ][-1 ][ 0 ][ 0 ][ 0 ][ 0 ][ 0 ][ 0 ][ 0 ][ 0 ][ 1 ][ 1 ][ 1 ][ 1 ][ 0 ][ 1 ][-1 ][-1 ][ 0 ][-1 ][ 0 ][-1 ][-1 ][ 0 ][-1 ][ 0 ][ 0 ][-1 ][ 1 ][ 1 ][ 1 ][-1 ][ 0 ][ 0 ][ 0 ][-1 ][ 0 ][ 0 ][ 1 ][ 1 ][ 0 ][ 0 ][ 1 ][ 0 ][ 0 ][ 1 ]
[ 1 ][ 1 ][ 0 ][ 0 ][ 0 ][ 0 ][ 1 ][ 0 ][ 0 ][-1 ][-1 ][-1 ][ 0 ][ 1 ][ 0 ][ 1 ][ 0 ][ 0 ][ 0 ][ 0 ][ 0 ][ 1 ][ 1 ][ 1 ][-1 ][-1 ][ 0 ][ 0 ][ 1 ][ 0 ][ 0 ][ 0 ][ 1 ][ 0 ][ 0 ][ 0 ][-1 ][ 1 ][ 1 ][ 1 ][ 0 ][ 0 ][-1 ][ 0 ][-1 ][ 1 ][ 0 ][-1 ][-1 ][ 0 ][ 1 ][-1 ][-1 ][ 0 ][ 1 ][ 0 ][ 0 ][ 0 ][ 1 ][-1 ][ 0 ][ 0 ][ 0 ][ 1 ]
[-1 ][ 0 ][-1 ][ 0 ][ 0 ][ 0 ][ 0 ][-1 ][-1 ][ 0 ][ 0 ][ 0 ][ 0 ][-1 ][ 0 ][ 0 ][ 0 ][ 0 ][ 1 ][ 1 ][ 1 ][ 0 ][-1 ][-1 ][ 0 ][ 1 ][ 0 ][ 0 ][ 0 ][ 1 ][ 1 ][ 0 ][ 0 ][ 0 ][ 0 ][-1 ][ 1 ][ 1 ][ 0 ][-1 ][ 0 ][ 0 ][ 1 ][-1 ][-1 ][ 0 ][ 1 ][ 0 ][ 1 ][ 0 ][ 1 ][-1 ][ 0 ][ 0 ][ 0 ][ 1 ][ 0 ][ 0 ][ 0 ][ 0 ][ 0 ][ 1 ][ 0 ][-1 ]
[ 0 ][-1 ][ 0 ][ 0 ][ 0 ][ 0 ][-1 ][ 1 ][-1 ][-1 ][ 0 ][ 0 ][ 0 ][ 1 ][ 1 ][-1 ][ 0 ][ 0 ][ 0 ][ 0 ][ 0 ][-1 ][ 1 ][ 1 ][ 0 ][ 0 ][ 0 ][ 1 ][-1 ][ 0 ][ 0 ][-1 ][ 0 ][ 1 ][-1 ][ 0 ][-1 ][-1 ][ 0 ][ 0 ][ 1 ][ 1 ][ 1 ][ 0 ][ 1 ][ 1 ][ 0 ][-1 ][-1 ][ 0 ][-1 ][ 1 ][ 1 ][ 1 ][ 0 ][ 1 ][-1 ][ 0 ][ 1 ][ 0 ][ 1 ][ 0 ][-1 ][ 1 ]
[ 0 ][ 0 ][ 0 ][-1 ][ 0 ][ 0 ][ 0 ][ 0 ][ 0 ][-1 ][-1 ][ 0 ][ 0 ][ 0 ][ 0 ][-1 ][ 0 ][ 1 ][ 0 ][ 1 ][ 0 ][ 0 ][ 0 ][-1 ][ 0 ][ 0 ][ 0 ][ 0 ][ 1 ][ 1 ][ 0 ][ 0 ][ 0 ][-1 ][ 0 ][ 1 ][ 0 ][ 0 ][-1 ][ 1 ][-1 ][ 1 ][ 1 ][-1 ][ 0 ][ 0 ][ 1 ][ 1 ][ 0 ][ 0 ][ 1 ][ 0 ][ 0 ][-1 ][ 0 ][ 0 ][ 0 ][ 1 ][ 0 ][ 1 ][ 0 ][ 1 ][ 0 ][ 0 ]
[ 0 ][ 0 ][-1 ][-1 ][ 0 ][-1 ][-1 ][-1 ][-1 ][ 0 ][ 0 ][ 0 ][ 1 ][ 0 ][ 0 ][ 0 ][ 0 ][-1 ][ 1 ][ 1 ][ 1 ][ 0 ][ 1 ][ 1 ][ 0 ][ 1 ][-1 ][-1 ][ 1 ][ 0 ][ 1 ][ 0 ][ 0 ][ 1 ][ 1 ][ 0 ][ 0 ][-1 ][ 0 ][ 0 ][ 0 ][-1 ][-1 ][ 1 ][-1 ][ 1 ][-1 ][ 1 ][-1 ][-1 ][-1 ][-1 ][ 0 ][ 1 ][ 0 ][ 1 ][ 0 ][ 0 ][ 1 ][ 0 ][ 0 ][ 0 ][ 0 ][-1 ]
[ 0 ][ 0 ][ 0 ][ 0 ][-1 ][ 0 ][ 0 ][-1 ][ 1 ][ 1 ][ 0 ][ 0 ][ 0 ][-1 ][ 1 ][ 0 ][ 1 ][ 0 ][ 0 ][-1 ][ 1 ][-1 ][-1 ][-1 ][ 1 ][ 0 ][ 1 ][ 0 ][-1 ][ 0 ][ 0 ][-1 ][ 0 ][ 1 ][-1 ][ 1 ][ 0 ][ 0 ][ 1 ][ 0 ][ 0 ][ 0 ][ 0 ][ 0 ][ 0 ][-1 ][-1 ][ 0 ][-1 ][-1 ][ 0 ][ 0 ][-1 ][ 0 ][ 0 ][ 0 ][ 0 ][ 0 ][-1 ][ 1 ][ 1 ][ 1 ][ 1 ][ 0 ]
[ 0 ][ 0 ][ 0 ][ 1 ][-1 ][ 0 ][ 0 ][-1 ][ 0 ][ 0 ][ 0 ][-1 ][ 0 ][ 1 ][ 1 ][ 0 ][-1 ][ 0 ][ 0 ][ 0 ][ 1 ][-1 ][ 0 ][ 0 ][ 1 ][ 0 ][-1 ][-1 ][ 1 ][ 1 ][-1 ][ 0 ][ 0 ][ 0 ][ 1 ][ 1 ][-1 ][ 0 ][ 1 ][ 0 ][ 0 ][ 0 ][ 0 ][ 0 ][ 0 ][ 1 ][ 0 ][ 0 ][ 1 ][ 0 ][ 0 ][ 0 ][ 0 ][ 0 ][-1 ][ 0 ][ 0 ][ 0 ][ 1 ][-1 ][ 1 ][-1 ][-1 ][ 0 ]
[ 0 ][ 1 ][ 0 ][-1 ][-1 ][ 1 ][ 1 ][ 0 ][ 0 ][-1 ][ 1 ][ 0 ][ 0 ][ 1 ][ 1 ][ 0 ][-1 ][ 0 ][-1 ][ 0 ][ 0 ][ 0 ][-1 ][ 0 ][-1 ][ 1 ][-1 ][ 0 ][ 1 ][ 1 ][ 1 ][ 1 ][ 0 ][ 1 ][-1 ][ 1 ][-1 ][-1 ][ 0 ][-1 ][ 1 ][ 1 ][-1 ][ 0 ][-1 ][ 0 ][-1 ][ 0 ][-1 ][ 1 ][ 0 ][ 1 ][ 0 ][ 0 ][ 1 ][ 1 ][ 0 ][ 1 ][-1 ][ 0 ][-1 ][ 0 ][ 1 ][ 1 ]
[ 0 ][ 1 ][ 0 ][-1 ][ 0 ][ 0 ][ 0 ][ 0 ][-1 ][ 0 ][-1 ][ 1 ][ 1 ][ 0 ][ 0 ][ 0 ][-1 ][ 0 ][ 0 ][-1 ][ 0 ][ 0 ][ 0 ][ 0 ][ 1 ][ 1 ][-1 ][-1 ][ 1 ][ 0 ][ 0 ][ 1 ][ 0 ][ 0 ][ 0 ][ 0 ][ 1 ][ 0 ][-1 ][ 0 ][ 0 ][ 0 ][ 1 ][ 0 ][ 0 ][ 0 ][-1 ][ 1 ][ 0 ][ 1 ][ 0 ][ 0 ][ 0 ][ 0 ][-1 ][ 0 ][-1 ][-1 ][-1 ][ 0 ][-1 ][ 1 ][ 0 ][ 0 ]
[ 0 ][ 0 ][ 1 ][ 0 ][ 0 ][ 1 ][ 1 ][-1 ][ 0 ][ 0 ][ 1 ][ 0 ][ 0 ][ 1 ][ 1 ][ 0 ][-1 ][ 0 ][ 1 ][ 1 ][ 0 ][ 0 ][ 0 ][ 1 ][ 0 ][ 0 ][ 0 ][-1 ][-1 ][-1 ][-1 ][ 0 ][-1 ][-1 ][ 0 ][-1 ][ 0 ][ 0 ][-1 ][ 0 ][ 0 ][-1 ][-1 ][ 0 ][-1 ][ 1 ][ 0 ][-1 ][ 1 ][ 0 ][ 0 ][ 0 ][-1 ][ 1 ][ 0 ][-1 ][ 0 ][ 0 ][ 1 ][-1 ][-1 ][ 1 ][ 0 ][ 0 ]
[-1 ][ 1 ][ 1 ][ 0 ][ 0 ][ 0 ][-1 ][-1 ][ 0 ][ 0 ][ 1 ][ 0 ][ 1 ][ 0 ][ 0 ][ 0 ][-1 ][ 0 ][ 0 ][ 1 ][ 0 ][-1 ][ 0 ][ 0 ][-1 ][ 0 ][ 0 ][ 1 ][ 0 ][ 0 ][ 0 ][ 0 ][ 0 ][ 0 ][ 0 ][ 0 ][ 0 ][ 1 ][-1 ][ 0 ][-1 ][ 1 ][ 1 ][-1 ][-1 ][ 1 ][-1 ][ 1 ][-1 ][ 1 ][-1 ][-1 ][-1 ][ 0 ][ 0 ][-1 ][ 0 ][ 0 ][ 0 ][ 0 ][ 0 ][ 0 ][-1 ][ 0 ]
[ 0 ][ 0 ][ 0 ][-1 ][ 0 ][-1 ][-1 ][-1 ][ 0 ][ 0 ][ 0 ][ 0 ][ 0 ][-1 ][ 1 ][ 1 ][ 1 ][ 0 ][ 0 ][ 0 ][-1 ][-1 ][ 0 ][-1 ][-1 ][ 0 ][ 0 ][ 0 ][ 0 ][ 1 ][-1 ][ 0 ][ 0 ][ 0 ][ 0 ][ 0 ][ 1 ][ 1 ][ 0 ][ 1 ][-1 ][ 0 ][ 1 ][ 0 ][ 0 ][ 0 ][ 0 ][ 1 ][-1 ][ 1 ][ 0 ][ 1 ][ 1 ][-1 ][ 1 ][ 0 ][ 1 ][ 0 ][-1 ][ 0 ][-1 ][ 0 ][ 1 ][ 0 ]
[ 1 ][ 1 ][ 0 ][-1 ][-1 ][-1 ][ 0 ][-1 ][ 1 ][ 0 ][ 1 ][-1 ][ 0 ][ 1 ][-1 ][ 1 ][ 1 ][-1 ][-1 ][-1 ][ 0 ][ 0 ][ 1 ][ 1 ][-1 ][ 0 ][ 0 ][ 0 ][ 0 ][ 0 ][-1 ][ 0 ][ 0 ][ 0 ][ 1 ][ 1 ][ 0 ][-1 ][ 1 ][-1 ][ 0 ][-1 ][ 0 ][ 0 ][-1 ][ 1 ][-1 ][ 0 ][-1 ][-1 ][ 1 ][ 1 ][ 0 ][ 0 ][ 0 ][ 0 ][ 0 ][ 0 ][ 0 ][ 0 ][ 0 ][-1 ][ 0 ][ 1 ]
[ 0 ][ 0 ][ 1 ][-1 ][ 0 ][ 0 ][-1 ][ 0 ][ 0 ][-1 ][ 1 ][ 0 ][ 0 ][ 0 ][-1 ][ 0 ][ 1 ][ 0 ][-1 ][ 1 ][ 0 ][ 1 ][-1 ][-1 ][ 0 ][-1 ][ 0 ][-1 ][ 0 ][ 0 ][ 0 ][ 0 ][-1 ][ 1 ][ 0 ][ 1 ][-1 ][ 0 ][ 1 ][ 0 ][ 0 ][ 0 ][ 0 ][ 0 ][ 0 ][ 0 ][ 0 ][-1 ][ 0 ][ 0 ][ 0 ][ 1 ][ 0 ][ 1 ][ 0 ][-1 ][-1 ][ 0 ][-1 ][-1 ][-1 ][ 1 ][ 1 ][ 0 ]
[-1 ][-1 ][ 0 ][-1 ][ 1 ][ 0 ][ 0 ][ 0 ][ 0 ][ 0 ][ 0 ][-1 ][ 1 ][ 1 ][ 0 ][ 0 ][ 0 ][ 1 ][ 0 ][ 0 ][ 0 ][ 1 ][ 1 ][ 0 ][ 0 ][ 1 ][-1 ][ 1 ][-1 ][ 0 ][ 0 ][-1 ][ 0 ][ 0 ][ 1 ][ 1 ][ 1 ][ 1 ][-1 ][-1 ][ 0 ][ 0 ][ 1 ][-1 ][ 0 ][-1 ][ 0 ][ 0 ][ 1 ][ 0 ][ 1 ][ 1 ][ 0 ][ 1 ][ 1 ][ 0 ][-1 ][ 0 ][ 1 ][ 0 ][ 1 ][ 0 ][ 0 ][ 0 ]
[-1 ][-1 ][-1 ][-1 ][-1 ][ 0 ][ 0 ][ 0 ][ 0 ][-1 ][ 1 ][ 1 ][ 0 ][ 1 ][-1 ][ 0 ][ 0 ][ 0 ][ 0 ][ 1 ][-1 ][ 0 ][ 0 ][ 0 ][ 1 ][ 0 ][ 1 ][ 0 ][ 0 ][ 0 ][ 0 ][-1 ][ 0 ][ 0 ][ 1 ][ 1 ][ 0 ][ 0 ][ 0 ][-1 ][ 1 ][ 0 ][ 0 ][-1 ][ 1 ][ 0 ][ 1 ][ 1 ][ 1 ][-1 ][ 1 ][ 0 ][ 0 ][-1 ][ 0 ][ 0 ][-1 ][-1 ][-1 ][ 1 ][ 0 ][ 0 ][ 0 ][-1 ]
[ 0 ][ 0 ][ 0 ][ 0 ][ 1 ][ 0 ][ 0 ][ 0 ][ 1 ][ 1 ][ 0 ][ 1 ][ 0 ][-1 ][ 1 ][ 0 ][ 1 ][ 0 ][ 0 ][-1 ][ 0 ][ 0 ][ 0 ][-1 ][ 1 ][ 1 ][ 0 ][-1 ][ 0 ][-1 ][ 0 ][-1 ][ 0 ][ 0 ][ 0 ][ 0 ][-1 ][ 0 ][ 0 ][ 0 ][-1 ][ 1 ][ 0 ][-1 ][ 0 ][ 0 ][ 0 ][ 0 ][ 1 ][ 0 ][ 0 ][ 0 ][ 0 ][ 1 ][ 0 ][ 0 ][-1 ][-1 ][-1 ][ 0 ][ 1 ][ 0 ][ 0 ][-1 ]
[ 1 ][-1 ][ 0 ][ 0 ][ 0 ][ 1 ][ 0 ][ 1 ][-1 ][ 0 ][ 0 ][-1 ][-1 ][ 1 ][ 1 ][ 0 ][ 1 ][ 0 ][-1 ][-1 ][ 1 ][ 1 ][ 0 ][ 0 ][-1 ][ 1 ][ 1 ][ 1 ][-1 ][-1 ][-1 ][ 1 ][-1 ][ 0 ][-1 ][-1 ][ 0 ][ 1 ][ 0 ][-1 ][ 0 ][ 0 ][ 0 ][ 0 ][ 0 ][ 0 ][ 0 ][-1 ][ 0 ][ 1 ][ 0 ][ 0 ][ 1 ][ 0 ][-1 ][ 0 ][ 1 ][-1 ][ 0 ][ 0 ][ 1 ][ 0 ][-1 ][-1 ]
[-1 ][ 1 ][-1 ][-1 ][-1 ][ 1 ][ 0 ][ 0 ][ 0 ][-1 ][ 0 ][ 0 ][ 0 ][-1 ][ 0 ][ 1 ][ 0 ][ 1 ][ 1 ][-1 ][ 0 ][-1 ][ 0 ][ 0 ][-1 ][ 0 ][ 1 ][ 1 ][-1 ][ 0 ][-1 ][ 0 ][ 0 ][-1 ][ 0 ][ 1 ][ 0 ][ 0 ][ 0 ][ 0 ][-1 ][ 0 ][ 0 ][ 0 ][ 1 ][-1 ][-1 ][ 0 ][ 0 ][ 0 ][ 0 ][-1 ][ 0 ][ 0 ][-1 ][ 0 ][ 0 ][ 0 ][ 0 ][ 1 ][-1 ][ 1 ][ 1 ][ 1 ]
[ 1 ][ 0 ][ 1 ][ 0 ][-1 ][ 1 ][ 0 ][ 0 ][-1 ][ 0 ][ 0 ][-1 ][ 0 ][ 0 ][ 1 ][ 0 ][ 0 ][ 1 ][-1 ][ 1 ][-1 ][-1 ][ 0 ][ 1 ][ 1 ][-1 ][-1 ][-1 ][-1 ][ 0 ][ 1 ][ 1 ][-1 ][ 1 ][ 0 ][ 1 ][ 1 ][ 0 ][ 1 ][-1 ][ 1 ][-1 ][ 0 ][ 1 ][ 1 ][ 0 ][ 0 ][ 1 ][ 1 ][-1 ][ 0 ][ 0 ][ 0 ][ 1 ][ 0 ][-1 ][ 0 ][-1 ][-1 ][ 0 ][ 0 ][ 1 ][ 0 ][ 0 ]
[ 0 ][-1 ][ 0 ][ 0 ][-1 ][-1 ][ 0 ][-1 ][ 1 ][-1 ][ 0 ][-1 ][ 0 ][ 0 ][ 0 ][ 0 ][ 0 ][-1 ][ 1 ][ 0 ][ 0 ][-1 ][ 0 ][ 0 ][ 0 ][ 1 ][ 0 ][ 0 ][ 0 ][ 1 ][-1 ][ 0 ][ 1 ][ 0 ][ 0 ][-1 ][-1 ][-1 ][-1 ][ 0 ][-1 ][-1 ][-1 ][ 1 ][ 0 ][ 0 ][-1 ][ 0 ][ 1 ][ 0 ][-1 ][ 1 ][ 0 ][ 0 ][ 0 ][-1 ][ 0 ][-1 ][ 0 ][ 1 ][ 1 ][ 1 ][-1 ][ 0 ]
[ 0 ][ 0 ][-1 ][ 0 ][ 1 ][ 0 ][ 0 ][ 0 ][ 0 ][ 1 ][ 1 ][ 0 ][ 1 ][ 1 ][ 0 ][ 0 ][ 0 ][-1 ][ 1 ][ 0 ][ 0 ][-1 ][ 1 ][ 0 ][ 0 ][ 0 ][ 0 ][ 0 ][ 1 ][ 1 ][ 0 ][ 0 ][ 0 ][ 1 ][ 0 ][ 0 ][-1 ][ 1 ][ 1 ][ 0 ][ 1 ][ 0 ][-1 ][ 0 ][ 0 ][-1 ][ 0 ][-1 ][ 1 ][-1 ][-1 ][ 0 ][ 1 ][ 1 ][ 1 ][ 0 ][ 0 ][ 1 ][ 1 ][ 0 ][ 0 ][-1 ][ 0 ][ 0 ]
[ 0 ][ 1 ][ 1 ][ 0 ][ 0 ][-1 ][ 1 ][ 0 ][ 1 ][ 0 ][ 1 ][ 1 ][ 1 ][ 1 ][ 0 ][-1 ][ 1 ][ 1 ][ 0 ][-1 ][ 0 ][ 1 ][ 1 ][ 0 ][-1 ][ 0 ][-1 ][-1 ][ 0 ][-1 ][ 1 ][ 1 ][ 1 ][ 1 ][ 0 ][-1 ][ 0 ][-1 ][-1 ][-1 ][ 1 ][ 0 ][ 1 ][ 1 ][ 0 ][ 1 ][-1 ][ 1 ][ 1 ][ 1 ][ 1 ][ 0 ][ 0 ][ 0 ][ 0 ][ 0 ][-1 ][ 0 ][-1 ][ 0 ][ 1 ][ 0 ][-1 ][ 0 ]
[ 1 ][ 1 ][ 1 ][-1 ][ 1 ][ 0 ][ 0 ][ 0 ][-1 ][ 1 ][-1 ][ 0 ][ 0 ][ 0 ][ 1 ][ 0 ][ 0 ][ 0 ][-1 ][ 0 ][-1 ][-1 ][ 0 ][ 0 ][ 1 ][ 1 ][ 1 ][ 0 ][ 0 ][ 0 ][ 0 ][ 0 ][ 0 ][ 0 ][-1 ][-1 ][ 1 ][ 0 ][ 1 ][ 0 ][ 0 ][ 0 ][ 0 ][ 0 ][ 0 ][ 1 ][ 0 ][ 0 ][-1 ][ 0 ][-1 ][ 0 ][ 1 ][ 0 ][ 0 ][ 0 ][-1 ][ 0 ][ 1 ][ 0 ][-1 ][-1 ][ 1 ][-1 ]
[ 0 ][ 0 ][ 0 ][ 0 ][ 1 ][-1 ][ 0 ][ 0 ][ 1 ][ 1 ][ 0 ][-1 ][ 1 ][ 0 ][ 0 ][-1 ][ 0 ][-1 ][-1 ][ 0 ][-1 ][ 1 ][ 1 ][ 1 ][-1 ][ 0 ][ 1 ][ 0 ][-1 ][ 0 ][ 0 ][ 0 ][ 1 ][ 0 ][ 1 ][ 0 ][ 0 ][ 0 ][-1 ][-1 ][-1 ][-1 ][-1 ][ 1 ][ 0 ][-1 ][-1 ][ 0 ][ 1 ][ 1 ][ 0 ][ 1 ][ 0 ][ 1 ][ 1 ][ 0 ][ 0 ][-1 ][ 0 ][ 0 ][-1 ][ 0 ][ 0 ][ 0 ]
[-1 ][ 0 ][ 0 ][-1 ][ 0 ][ 0 ][-1 ][ 0 ][ 0 ][ 0 ][ 1 ][ 0 ][ 1 ][ 0 ][ 0 ][-1 ][-1 ][ 1 ][ 0 ][-1 ][ 1 ][-1 ][ 1 ][ 0 ][ 0 ][ 0 ][ 0 ][ 0 ][ 0 ][ 0 ][ 1 ][ 0 ][ 0 ][ 1 ][ 1 ][ 1 ][ 0 ][ 0 ][ 0 ][-1 ][ 1 ][ 1 ][ 1 ][ 1 ][ 0 ][ 0 ][ 0 ][-1 ][ 1 ][ 0 ][ 0 ][ 0 ][ 0 ][-1 ][ 0 ][ 0 ][ 0 ][ 0 ][ 1 ][ 0 ][ 0 ][ 0 ][-1 ][ 0 ]
[-1 ][ 0 ][-1 ][-1 ][ 0 ][ 0 ][ 0 ][ 0 ][ 1 ][-1 ][ 0 ][ 0 ][-1 ][ 0 ][ 0 ][-1 ][ 0 ][ 0 ][ 0 ][ 0 ][ 0 ][ 0 ][ 0 ][ 0 ][ 0 ][ 0 ][ 1 ][-1 ][-1 ][-1 ][ 0 ][ 1 ][-1 ][ 0 ][ 0 ][ 1 ][ 1 ][ 1 ][ 0 ][-1 ][-1 ][ 0 ][-1 ][-1 ][-1 ][ 0 ][ 0 ][ 0 ][ 0 ][ 0 ][ 1 ][ 1 ][ 0 ][ 1 ][ 1 ][-1 ][ 0 ][ 0 ][ 0 ][ 0 ][-1 ][ 0 ][ 1 ][ 1 ]
[ 0 ][-1 ][ 1 ][ 0 ][ 0 ][ 0 ][ 1 ][ 1 ][ 0 ][ 0 ][-1 ][ 1 ][ 0 ][ 1 ][ 0 ][ 0 ][ 1 ][ 0 ][ 1 ][ 1 ][ 1 ][ 1 ][-1 ][ 0 ][ 1 ][ 1 ][ 1 ][ 0 ][ 0 ][ 0 ][ 0 ][ 0 ][ 0 ][ 0 ][-1 ][ 1 ][-1 ][ 1 ][ 0 ][-1 ][ 1 ][ 1 ][ 0 ][ 0 ][ 0 ][-1 ][ 1 ][-1 ][ 0 ][ 1 ][ 0 ][-1 ][ 1 ][ 0 ][ 1 ][ 0 ][-1 ][ 1 ][-1 ][ 1 ][ 1 ][ 0 ][ 0 ][ 0 ]
[-1 ][ 0 ][ 0 ][-1 ][-1 ][ 1 ][ 0 ][ 1 ][ 0 ][ 1 ][ 0 ][ 0 ][ 0 ][ 1 ][-1 ][-1 ][ 0 ][ 1 ][ 0 ][ 0 ][ 1 ][ 1 ][ 0 ][ 0 ][ 0 ][ 1 ][ 0 ][ 1 ][ 0 ][-1 ][ 0 ][-1 ][ 1 ][-1 ][ 0 ][ 0 ][ 0 ][ 0 ][ 0 ][ 1 ][ 0 ][ 1 ][ 0 ][-1 ][-1 ][-1 ][ 0 ][ 0 ][ 0 ][-1 ][ 0 ][-1 ][ 0 ][ 1 ][ 0 ][-1 ][-1 ][ 0 ][-1 ][ 1 ][ 0 ][ 1 ][ 0 ][ 1 ]
[ 0 ][ 0 ][-1 ][ 0 ][-1 ][ 0 ][ 0 ][ 1 ][ 1 ][-1 ][ 0 ][ 1 ][ 1 ][ 0 ][-1 ][-1 ][ 0 ][-1 ][ 1 ][-1 ][-1 ][ 1 ][-1 ][-1 ][-1 ][-1 ][ 0 ][-1 ][ 0 ][ 0 ][ 0 ][ 1 ][ 1 ][ 0 ][ 0 ][ 1 ][ 0 ][ 0 ][-1 ][-1 ][ 0 ][ 0 ][ 1 ][ 0 ][ 1 ][ 0 ][ 0 ][ 1 ][ 1 ][ 0 ][ 0 ][-1 ][-1 ][ 0 ][ 0 ][ 1 ][ 0 ][ 0 ][ 1 ][ 1 ][-1 ][ 0 ][ 0 ][ 0 ]
[ 0 ][ 1 ][-1 ][ 0 ][-1 ][-1 ][ 0 ][-1 ][ 0 ][ 0 ][ 0 ][ 0 ][ 0 ][ 0 ][ 1 ][-1 ][ 0 ][ 0 ][ 1 ][ 1 ][ 1 ][ 1 ][ 1 ][ 0 ][-1 ][ 1 ][ 0 ][ 1 ][-1 ][ 1 ][ 0 ][ 0 ][-1 ][ 0 ][ 0 ][ 1 ][ 0 ][-1 ][ 0 ][ 0 ][ 0 ][ 0 ][ 0 ][ 1 ][ 0 ][ 1 ][ 0 ][ 1 ][ 0 ][ 1 ][ 0 ][ 1 ][ 1 ][ 1 ][ 0 ][ 1 ][ 1 ][ 0 ][-1 ][-1 ][ 1 ][-1 ][ 0 ][ 0 ]
[-1 ][ 0 ][-1 ][ 0 ][-1 ][ 0 ][ 1 ][ 0 ][ 0 ][ 1 ][ 0 ][ 0 ][ 1 ][ 0 ][ 0 ][ 0 ][ 1 ][ 0 ][-1 ][ 1 ][ 0 ][ 0 ][ 0 ][-1 ][-1 ][-1 ][-1 ][-1 ][-1 ][ 0 ][ 1 ][ 0 ][ 0 ][ 1 ][ 0 ][ 0 ][ 1 ][ 0 ][-1 ][-1 ][ 0 ][-1 ][ 0 ][ 1 ][ 1 ][-1 ][-1 ][ 0 ][ 0 ][ 0 ][ 1 ][ 0 ][ 1 ][ 0 ][ 0 ][ 0 ][ 0 ][ 1 ][ 1 ][ 0 ][ 1 ][-1 ][ 0 ][ 0 ]
[-1 ][ 0 ][-1 ][ 0 ][ 1 ][ 0 ][ 0 ][-1 ][-1 ][ 1 ][ 0 ][ 0 ][ 0 ][ 0 ][-1 ][ 1 ][ 1 ][ 0 ][ 1 ][-1 ][ 0 ][ 0 ][ 0 ][ 0 ][ 1 ][ 0 ][ 1 ][-1 ][ 0 ][ 0 ][-1 ][ 0 ][ 0 ][ 0 ][ 0 ][ 0 ][ 1 ][ 0 ][ 0 ][ 0 ][ 0 ][ 1 ][ 0 ][-1 ][ 1 ][ 0 ][ 0 ][-1 ][-1 ][ 0 ][ 0 ][ 1 ][ 0 ][ 0 ][ 0 ][ 1 ][-1 ][ 0 ][-1 ][ 0 ][ 1 ][ 0 ][-1 ][ 0 ]
[ 0 ][ 1 ][ 0 ][ 1 ][ 1 ][-1 ][ 0 ][ 0 ][-1 ][ 1 ][ 1 ][ 0 ][-1 ][ 1 ][ 0 ][ 0 ][ 1 ][-1 ][ 0 ][ 1 ][ 0 ][ 0 ][-1 ][-1 ][ 1 ][-1 ][ 0 ][ 0 ][ 0 ][-1 ][-1 ][ 0 ][-1 ][-1 ][ 0 ][-1 ][ 0 ][ 0 ][ 0 ][ 1 ][-1 ][ 0 ][ 0 ][-1 ][-1 ][ 1 ][-1 ][ 0 ][ 0 ][ 0 ][ 1 ][ 0 ][ 0 ][ 0 ][ 0 ][-1 ][ 1 ][ 0 ][ 1 ][ 1 ][ 0 ][-1 ][ 0 ][ 1 ]
[ 0 ][-1 ][ 0 ][ 0 ][ 1 ][ 0 ][-1 ][ 0 ][ 1 ][ 0 ][-1 ][-1 ][ 0 ][-1 ][-1 ][ 1 ][ 1 ][ 0 ][ 1 ][ 0 ][ 0 ][ 0 ][-1 ][ 0 ][ 1 ][ 0 ][ 1 ][ 0 ][ 0 ][ 0 ][ 0 ][-1 ][ 0 ][-1 ][-1 ][ 1 ][ 1 ][ 1 ][-1 ][ 0 ][ 0 ][ 1 ][ 1 ][ 1 ][ 0 ][ 1 ][ 0 ][ 1 ][-1 ][-1 ][ 1 ][ 1 ][-1 ][ 1 ][ 1 ][-1 ][ 0 ][ 0 ][-1 ][ 1 ][ 0 ][-1 ][-1 ][ 0 ]
[-1 ][ 0 ][ 1 ][ 0 ][ 1 ][-1 ][ 0 ][-1 ][ 0 ][ 0 ][ 1 ][ 1 ][ 0 ][ 1 ][ 1 ][ 0 ][ 0 ][ 1 ][ 1 ][ 1 ][ 0 ][-1 ][-1 ][ 0 ][ 0 ][ 0 ][ 0 ][-1 ][ 0 ][ 1 ][ 0 ][ 1 ][ 0 ][-1 ][-1 ][-1 ][ 0 ][ 0 ][-1 ][-1 ][ 1 ][ 0 ][ 0 ][-1 ][ 0 ][-1 ][ 1 ][-1 ][-1 ][-1 ][-1 ][ 0 ][ 0 ][ 0 ][-1 ][-1 ][ 1 ][ 1 ][-1 ][ 0 ][ 0 ][ 1 ][ 0 ][ 0 ]
[-1 ][ 0 ][-1 ][-1 ][ 1 ][ 0 ][ 0 ][-1 ][ 0 ][ 0 ][ 0 ][-1 ][ 0 ][ 1 ][-1 ][-1 ][ 0 ][ 1 ][ 0 ][ 0 ][ 0 ][ 0 ][ 1 ][-1 ][ 0 ][ 1 ][ 1 ][ 0 ][ 1 ][ 0 ][ 1 ][ 1 ][ 0 ][ 0 ][ 1 ][ 0 ][ 1 ][ 0 ][ 0 ][ 0 ][ 0 ][-1 ][ 1 ][ 0 ][ 1 ][-1 ][-1 ][ 0 ][ 0 ][ 1 ][ 0 ][ 0 ][ 1 ][ 0 ][ 1 ][ 0 ][-1 ][ 1 ][-1 ][ 1 ][-1 ][ 1 ][ 0 ][-1 ]
[ 0 ][ 0 ][ 0 ][ 1 ][ 0 ][-1 ][ 1 ][ 0 ][ 0 ][ 0 ][ 0 ][ 1 ][ 1 ][ 0 ][-1 ][-1 ][ 1 ][ 1 ][ 0 ][ 0 ][ 0 ][ 1 ][ 0 ][ 0 ][ 0 ][ 0 ][ 1 ][ 1 ][ 0 ][-1 ][ 1 ][ 1 ][ 0 ][ 0 ][-1 ][-1 ][-1 ][ 0 ][-1 ][ 0 ][-1 ][ 1 ][ 0 ][ 0 ][ 0 ][-1 ][-1 ][ 0 ][ 1 ][ 0 ][ 1 ][ 0 ][-1 ][ 1 ][-1 ][ 1 ][ 1 ][ 1 ][ 0 ][ 1 ][ 0 ][ 1 ][ 0 ][ 0 ]
[-1 ][ 1 ][ 0 ][-1 ][-1 ][ 0 ][ 1 ][ 0 ][-1 ][-1 ][ 1 ][ 0 ][ 0 ][-1 ][-1 ][ 0 ][ 0 ][ 1 ][-1 ][ 0 ][ 1 ][-1 ][ 1 ][-1 ][-1 ][-1 ][ 0 ][ 1 ][ 0 ][ 0 ][ 0 ][ 0 ][ 0 ][-1 ][ 0 ][ 1 ][ 0 ][ 0 ][ 0 ][ 0 ][ 0 ][ 0 ][ 1 ][ 0 ][ 0 ][-1 ][-1 ][ 1 ][ 0 ][ 0 ][ 0 ][ 0 ][ 0 ][-1 ][ 1 ][ 0 ][-1 ][ 0 ][ 0 ][-1 ][ 1 ][ 0 ][ 1 ][ 0 ]
[-1 ][ 1 ][-1 ][ 1 ][-1 ][ 0 ][-1 ][ 0 ][-1 ][ 1 ][ 1 ][ 0 ][ 1 ][ 1 ][ 0 ][ 0 ][-1 ][ 0 ][ 0 ][ 1 ][ 0 ][ 0 ][ 0 ][-1 ][ 1 ][-1 ][-1 ][ 0 ][ 0 ][ 0 ][ 0 ][ 0 ][-1 ][ 0 ][ 0 ][ 0 ][ 0 ][-1 ][ 1 ][ 0 ][ 0 ][ 0 ][-1 ][ 1 ][-1 ][-1 ][-1 ][ 0 ][ 0 ][-1 ][ 0 ][ 0 ][ 0 ][ 1 ][-1 ][ 1 ][ 1 ][ 0 ][ 1 ][ 0 ][-1 ][ 0 ][ 0 ][ 0 ]
[ 1 ][ 1 ][ 0 ][ 1 ][-1 ][ 0 ][ 0 ][ 0 ][-1 ][-1 ][-1 ][-1 ][ 1 ][ 1 ][ 0 ][-1 ][-1 ][-1 ][ 0 ][-1 ][ 0 ][ 0 ][-1 ][-1 ][ 0 ][ 0 ][-1 ][-1 ][-1 ][ 0 ][-1 ][ 1 ][ 1 ][ 1 ][ 0 ][ 0 ][-1 ][ 1 ][ 0 ][ 1 ][ 0 ][-1 ][ 0 ][ 0 ][-1 ][ 1 ][ 0 ][ 0 ][ 0 ][-1 ][ 0 ][ 1 ][ 0 ][ 1 ][-1 ][ 1 ][ 0 ][ 1 ][ 0 ][ 0 ][-1 ][ 1 ][ 0 ][ 0 ]
[ 1 ][ 1 ][ 1 ][ 0 ][ 0 ][ 0 ][-1 ][-1 ][ 0 ][-1 ][ 0 ][ 0 ][ 0 ][ 1 ][ 0 ][ 0 ][ 1 ][-1 ][ 0 ][ 1 ][-1 ][ 0 ][ 1 ][-1 ][ 1 ][ 1 ][ 0 ][-1 ][ 0 ][ 0 ][ 0 ][ 0 ][ 0 ][-1 ][-1 ][ 0 ][ 0 ][ 1 ][ 0 ][-1 ][-1 ][-1 ][ 1 ][ 0 ][ 0 ][-1 ][-1 ][-1 ][ 1 ][ 1 ][-1 ][ 1 ][ 0 ][ 0 ][-1 ][ 1 ][ 1 ][ 1 ][-1 ][ 0 ][ 0 ][ 1 ][ 0 ][-1 ]
[ 0 ][ 1 ][ 1 ][-1 ][ 1 ][ 0 ][ 0 ][-1 ][ 0 ][ 1 ][ 0 ][ 0 ][ 1 ][ 1 ][-1 ][ 0 ][ 1 ][-1 ][ 1 ][ 1 ][ 0 ][ 1 ][-1 ][ 0 ][-1 ][ 0 ][ 0 ][ 1 ][-1 ][ 0 ][-1 ][-1 ][ 0 ][ 1 ][ 1 ][ 0 ][-1 ][ 0 ][ 0 ][-1 ][-1 ][-1 ][ 1 ][ 0 ][ 0 ][-1 ][-1 ][-1 ][ 0 ][-1 ][ 0 ][ 0 ][ 1 ][-1 ][ 1 ][ 0 ][ 1 ][ 0 ][-1 ][ 0 ][ 0 ][ 0 ][ 1 ][-1 ]
[ 0 ][ 0 ][-1 ][-1 ][ 0 ][ 0 ][-1 ][-1 ][ 1 ][ 0 ][ 0 ][-1 ][ 0 ][ 0 ][-1 ][ 0 ][ 1 ][ 0 ][ 0 ][ 1 ][ 0 ][ 0 ][ 0 ][ 0 ][ 1 ][ 1 ][ 0 ][-1 ][-1 ][ 1 ][ 0 ][ 0 ][ 1 ][ 1 ][-1 ][ 1 ][ 0 ][ 1 ][-1 ][ 0 ][ 1 ][ 0 ][ 1 ][ 1 ][ 0 ][-1 ][ 0 ][-1 ][-1 ][-1 ][ 1 ][ 0 ][ 0 ][-1 ][-1 ][ 1 ][ 0 ][ 1 ][-1 ][-1 ][ 0 ][ 1 ][-1 ][ 0 ]
[-1 ][ 0 ][-1 ][ 1 ][ 1 ][ 0 ][ 0 ][ 0 ][ 0 ][ 0 ][-1 ][ 0 ][ 0 ][ 1 ][-1 ][-1 ][-1 ][ 0 ][ 1 ][ 0 ][ 1 ][ 0 ][ 0 ][ 1 ][ 1 ][ 0 ][ 1 ][ 0 ][ 0 ][-1 ][ 1 ][ 1 ][ 1 ][ 0 ][-1 ][ 0 ][-1 ][-1 ][-1 ][ 0 ][ 0 ][ 0 ][ 0 ][ 0 ][-1 ][-1 ][ 0 ][ 1 ][-1 ][ 0 ][ 0 ][ 0 ][-1 ][ 1 ][ 0 ][ 0 ][ 0 ][-1 ][ 0 ][ 0 ][ 1 ][ 0 ][-1 ][ 0 ]
[ 0 ][ 0 ][ 0 ][ 1 ][ 0 ][-1 ][ 1 ][ 1 ][ 1 ][ 0 ][-1 ][ 0 ][ 1 ][ 0 ][-1 ][ 0 ][ 0 ][ 0 ][ 0 ][-1 ][ 1 ][ 1 ][-1 ][ 1 ][ 0 ][ 0 ][ 0 ][ 0 ][ 1 ][ 0 ][ 1 ][ 0 ][ 1 ][ 1 ][ 0 ][ 0 ][ 1 ][ 1 ][ 0 ][ 0 ][ 1 ][ 1 ][ 0 ][ 1 ][ 0 ][-1 ][ 0 ][ 1 ][ 0 ][ 0 ][-1 ][ 1 ][ 0 ][-1 ][ 1 ][ 0 ][-1 ][ 0 ][ 0 ][ 0 ][ 0 ][ 1 ][ 0 ][ 1 ]
[ 0 ][ 0 ][-1 ][ 0 ][ 1 ][ 1 ][ 0 ][ 0 ][ 0 ][-1 ][ 1 ][ 0 ][ 0 ][ 1 ][-1 ][ 0 ][ 1 ][ 0 ][ 0 ][ 0 ][ 0 ][ 0 ][ 1 ][ 0 ][ 0 ][ 1 ][-1 ][-1 ][ 0 ][-1 ][ 1 ][ 1 ][ 1 ][ 1 ][ 1 ][ 0 ][ 0 ][-1 ][-1 ][-1 ][ 0 ][ 1 ][ 1 ][-1 ][ 1 ][ 1 ][ 0 ][ 0 ][ 0 ][ 0 ][-1 ][ 0 ][-1 ][ 1 ][ 1 ][ 1 ][-1 ][ 1 ][-1 ][-1 ][ 0 ][ 1 ][ 0 ][ 0 ]
[ 1 ][-1 ][ 0 ][-1 ][ 1 ][ 0 ][ 0 ][ 0 ][-1 ][ 0 ][ 0 ][ 0 ][ 0 ][-1 ][ 1 ][ 0 ][ 0 ][ 0 ][ 0 ][ 0 ][-1 ][-1 ][-1 ][-1 ][ 0 ][ 1 ][ 0 ][ 1 ][ 1 ][ 0 ][ 0 ][-1 ][-1 ][ 1 ][ 0 ][ 0 ][-1 ][ 0 ][-1 ][ 1 ][ 0 ][ 0 ][-1 ][-1 ][ 0 ][ 0 ][ 1 ][ 0 ][ 1 ][ 0 ][ 1 ][ 0 ][-1 ][ 0 ][-1 ][ 1 ][ 1 ][ 0 ][ 0 ][ 0 ][ 0 ][-1 ][ 1 ][ 0 ]
[ 0 ][ 0 ][-1 ][ 1 ][ 0 ][ 0 ][ 0 ][ 0 ][ 1 ][ 1 ][ 0 ][-1 ][ 0 ][ 0 ][-1 ][-1 ][ 0 ][ 0 ][ 0 ][ 0 ][ 1 ][ 0 ][-1 ][ 0 ][-1 ][ 1 ][ 0 ][ 1 ][ 0 ][ 0 ][ 0 ][ 0 ][ 1 ][ 1 ][ 1 ][-1 ][ 0 ][ 0 ][ 0 ][ 1 ][ 1 ][ 1 ][ 0 ][ 0 ][ 1 ][ 1 ][-1 ][ 1 ][-1 ][ 0 ][-1 ][ 0 ][-1 ][ 1 ][-1 ][ 0 ][-1 ][ 1 ][ 0 ][-1 ][ 1 ][ 0 ][ 0 ][-1 ]
[ 1 ][ 0 ][-1 ][ 1 ][ 0 ][ 0 ][ 0 ][ 0 ][-1 ][ 1 ][ 0 ][ 0 ][-1 ][-1 ][-1 ][ 1 ][ 0 ][-1 ][ 0 ][ 0 ][ 0 ][ 0 ][ 0 ][ 1 ][-1 ][ 0 ][-1 ][ 0 ][ 0 ][ 1 ][ 0 ][-1 ][-1 ][ 0 ][ 1 ][-1 ][ 0 ][ 0 ][-1 ][ 0 ][ 0 ][ 1 ][ 0 ][ 0 ][-1 ][ 0 ][ 0 ][ 1 ][ 0 ][ 0 ][-1 ][ 1 ][ 1 ][ 0 ][ 0 ][-1 ][-1 ][ 0 ][ 1 ][ 0 ][ 0 ][ 0 ][-1 ][-1 ]
[ 0 ][ 1 ][ 1 ][-1 ][-1 ][-1 ][-1 ][ 0 ][ 0 ][ 0 ][ 1 ][ 0 ][ 1 ][ 0 ][ 0 ][ 0 ][-1 ][ 0 ][-1 ][ 0 ][ 1 ][ 0 ][ 0 ][-1 ][ 0 ][ 0 ][ 1 ][ 0 ][ 1 ][ 0 ][ 0 ][ 0 ][ 1 ][ 0 ][ 0 ][ 0 ][ 1 ][ 1 ][ 1 ][ 0 ][ 0 ][ 1 ][-1 ][ 1 ][ 1 ][ 0 ][ 0 ][-1 ][ 0 ][-1 ][ 0 ][ 0 ][ 1 ][-1 ][ 1 ][-1 ][-1 ][-1 ][-1 ][-1 ][ 0 ][ 1 ][-1 ][ 1 ]
[ 1 ][ 0 ][ 0 ][ 0 ][ 1 ][-1 ][-1 ][ 0 ][-1 ][ 1 ][ 1 ][ 1 ][ 0 ][-1 ][ 0 ][ 1 ][-1 ][ 0 ][ 1 ][ 0 ][ 1 ][-1 ][ 1 ][-1 ][ 0 ][ 1 ][-1 ][ 0 ][ 0 ][ 0 ][-1 ][ 0 ][ 0 ][ 0 ][ 0 ][ 0 ][ 0 ][ 1 ][ 1 ][ 1 ][-1 ][-1 ][ 0 ][ 0 ][ 1 ][-1 ][ 0 ][ 1 ][ 1 ][ 1 ][ 1 ][ 1 ][ 1 ][ 0 ][ 0 ][ 0 ][ 1 ][ 1 ][ 1 ][ 1 ][ 0 ][ 1 ][ 1 ][ 0 ]
[-1 ][ 0 ][-1 ][-1 ][-1 ][ 0 ][ 0 ][-1 ][ 0 ][ 0 ][ 0 ][ 0 ][-1 ][-1 ][ 1 ][ 1 ][ 0 ][ 0 ][-1 ][ 1 ][ 1 ][ 0 ][-1 ][-1 ][ 0 ][ 0 ][ 0 ][ 0 ][-1 ][ 0 ][-1 ][ 0 ][-1 ][ 0 ][-1 ][-1 ][ 1 ][ 1 ][-1 ][ 0 ][-1 ][ 0 ][-1 ][-1 ][ 0 ][ 0 ][-1 ][ 0 ][-1 ][ 0 ][-1 ][ 0 ][ 1 ][ 1 ][ 0 ][ 0 ][-1 ][ 0 ][-1 ][-1 ][-1 ][ 1 ][ 0 ][ 0 ]
[ 0 ][-1 ][ 0 ][-1 ][-1 ][ 1 ][ 1 ][-1 ][ 0 ][ 1 ][-1 ][ 0 ][ 1 ][ 0 ][ 0 ][ 0 ][ 0 ][ 1 ][ 0 ][ 0 ][ 0 ][ 0 ][ 1 ][ 0 ][-1 ][-1 ][-1 ][-1 ][ 1 ][ 1 ][ 0 ][ 0 ][ 0 ][-1 ][-1 ][ 1 ][ 1 ][ 0 ][ 0 ][ 0 ][ 0 ][ 1 ][ 1 ][ 0 ][ 0 ][-1 ][ 0 ][ 0 ][ 0 ][ 0 ][ 0 ][ 0 ][ 0 ][ 0 ][ 0 ][ 0 ][ 1 ][ 1 ][ 1 ][ 0 ][ 0 ][ 1 ][-1 ][ 0 ]
[ 1 ][ 1 ][ 0 ][ 0 ][ 0 ][-1 ][ 0 ][ 1 ][ 0 ][ 1 ][ 0 ][ 1 ][-1 ][ 1 ][ 0 ][ 1 ][ 0 ][ 0 ][ 0 ][ 1 ][-1 ][ 0 ][ 1 ][ 1 ][ 0 ][ 1 ][-1 ][ 0 ][ 0 ][-1 ][-1 ][ 0 ][-1 ][ 0 ][ 1 ][-1 ][ 1 ][ 0 ][ 1 ][ 1 ][ 0 ][-1 ][ 0 ][-1 ][-1 ][ 1 ][-1 ][ 0 ][ 0 ][ 0 ][ 1 ][ 0 ][ 0 ][ 1 ][ 0 ][-1 ][ 0 ][-1 ][-1 ][ 0 ][-1 ][ 0 ][-1 ][ 0 ]
[-1 ][ 0 ][ 0 ][ 0 ][ 1 ][ 1 ][-1 ][ 0 ][-1 ][ 0 ][-1 ][-1 ][ 0 ][ 0 ][ 1 ][-1 ][ 0 ][-1 ][ 1 ][ 1 ][ 1 ][-1 ][-1 ][ 0 ][-1 ][ 1 ][ 0 ][ 1 ][ 0 ][ 1 ][-1 ][ 0 ][ 1 ][-1 ][ 0 ][ 0 ][-1 ][-1 ][ 0 ][-1 ][ 0 ][-1 ][ 0 ][ 1 ][-1 ][ 0 ][-1 ][-1 ][-1 ][ 0 ][ 1 ][ 0 ][-1 ][ 0 ][-1 ][-1 ][ 1 ][ 0 ][ 1 ][-1 ][ 0 ][ 0 ][-1 ][-1 ]
[ 0 ][ 1 ][ 0 ][-1 ][ 0 ][-1 ][ 1 ][ 0 ][ 0 ][ 1 ][ 1 ][ 0 ][ 0 ][-1 ][ 0 ][-1 ][ 0 ][ 1 ][-1 ][ 0 ][ 0 ][ 0 ][-1 ][ 0 ][ 0 ][-1 ][-1 ][-1 ][ 0 ][-1 ][ 0 ][ 0 ][ 0 ][ 1 ][ 0 ][ 1 ][ 0 ][-1 ][-1 ][ 0 ][ 1 ][ 0 ][ 0 ][-1 ][ 0 ][-1 ][ 0 ][ 0 ][ 1 ][ 0 ][ 1 ][-1 ][ 0 ][ 0 ][-1 ][ 0 ][-1 ][ 1 ][ 1 ][-1 ][ 1 ][ 0 ][ 1 ][ 1 ]
[ 1 ][ 1 ][ 0 ][ 1 ][ 0 ][ 0 ][-1 ][ 0 ][ 1 ][-1 ][ 0 ][ 1 ][ 0 ][ 1 ][ 0 ][ 0 ][-1 ][ 0 ][ 0 ][ 1 ][ 0 ][ 0 ][ 1 ][-1 ][ 1 ][ 1 ][ 0 ][-1 ][ 0 ][ 1 ][ 0 ][-1 ][-1 ][ 0 ][-1 ][ 1 ][ 0 ][ 0 ][-1 ][ 0 ][ 1 ][-1 ][ 0 ][ 0 ][-1 ][ 0 ][ 0 ][ 1 ][ 1 ][-1 ][ 0 ][ 1 ][ 1 ][ 0 ][ 0 ][ 0 ][ 0 ][ 1 ][ 0 ][ 0 ][ 0 ][-1 ][ 0 ][ 0 ]
[ 0 ][ 0 ][ 0 ][ 0 ][-1 ][ 0 ][ 0 ][ 0 ][ 0 ][ 1 ][ 0 ][-1 ][ 1 ][ 0 ][ 0 ][-1 ][ 0 ][-1 ][ 0 ][-1 ][ 0 ][ 0 ][ 0 ][ 1 ][ 0 ][ 0 ][ 0 ][-1 ][ 1 ][-1 ][ 0 ][-1 ][-1 ][ 0 ][ 0 ][ 0 ][ 0 ][-1 ][ 0 ][ 0 ][ 1 ][ 1 ][ 1 ][ 1 ][ 1 ][-1 ][ 1 ][ 0 ][ 0 ][ 0 ][ 1 ][ 1 ][ 0 ][-1 ][ 1 ][ 0 ][ 0 ][ 0 ][-1 ][ 0 ][ 0 ][-1 ][ 0 ][-1 ]
[ 1 ][ 0 ][-1 ][ 1 ][-1 ][ 1 ][ 0 ][ 1 ][ 0 ][ 0 ][ 1 ][ 0 ][ 1 ][ 0 ][ 0 ][ 0 ][ 0 ][ 0 ][-1 ][ 1 ][-1 ][ 0 ][ 0 ][-1 ][ 0 ][ 0 ][ 0 ][ 0 ][ 0 ][ 0 ][ 1 ][ 0 ][-1 ][ 0 ][ 0 ][ 0 ][ 0 ][ 0 ][ 0 ][ 0 ][-1 ][ 0 ][ 1 ][ 0 ][ 0 ][ 0 ][ 0 ][ 0 ][ 0 ][ 0 ][ 1 ][ 0 ][-1 ][-1 ][ 0 ][ 0 ][ 0 ][ 1 ][ 0 ][ 1 ][-1 ][ 1 ][-1 ][ 0 ]
[-1 ][-1 ][ 0 ][-1 ][ 0 ][-1 ][ 1 ][ 1 ][ 0 ][ 0 ][ 1 ][ 0 ][-1 ][ 1 ][-1 ][ 1 ][ 1 ][-1 ][-1 ][ 0 ][ 0 ][-1 ][-1 ][ 0 ][ 1 ][ 1 ][ 1 ][-1 ][ 1 ][ 1 ][ 0 ][-1 ][ 0 ][ 0 ][ 1 ][ 1 ][ 0 ][ 0 ][ 0 ][ 0 ][-1 ][ 0 ][ 0 ][ 1 ][ 0 ][-1 ][ 1 ][ 0 ][ 0 ][-1 ][ 1 ][ 0 ][ 1 ][ 1 ][ 0 ][ 0 ][ 1 ][-1 ][ 0 ][-1 ][ 0 ][ 0 ][ 0 ][ 0 ]
[-1 ][ 1 ][ 0 ][ 0 ][ 0 ][-1 ][ 0 ][ 1 ][ 0 ][ 0 ][ 0 ][ 1 ][-1 ][-1 ][ 1 ][-1 ][-1 ][ 0 ][-1 ][ 0 ][ 0 ][-1 ][ 1 ][-1 ][ 0 ][ 1 ][-1 ][ 1 ][ 1 ][ 0 ][ 0 ][ 1 ][-1 ][-1 ][-1 ][ 0 ][ 0 ][ 0 ][-1 ][ 0 ][ 0 ][ 0 ][ 0 ][-1 ][ 0 ][ 0 ][ 0 ][ 0 ][ 1 ][ 0 ][ 1 ][ 1 ][ 0 ][ 1 ][ 0 ][ 0 ][-1 ][ 1 ][ 1 ][ 0 ][ 1 ][ 0 ][ 0 ][ 0 ]
[ 0 ][ 1 ][-1 ][ 0 ][ 1 ][ 0 ][ 1 ][ 0 ][ 0 ][ 0 ][ 1 ][-1 ][ 0 ][-1 ][-1 ][ 1 ][ 0 ][-1 ][-1 ][-1 ][ 1 ][ 0 ][ 0 ][-1 ][ 0 ][-1 ][ 0 ][ 1 ][ 0 ][-1 ][ 1 ][ 1 ][ 0 ][ 1 ][ 1 ][ 0 ][-1 ][ 1 ][ 0 ][-1 ][ 0 ][ 0 ][ 0 ][ 0 ][ 0 ][ 0 ][ 0 ][ 0 ][-1 ][ 0 ][-1 ][ 1 ][-1 ][ 0 ][ 0 ][ 1 ][ 1 ][-1 ][ 0 ][-1 ][ 1 ][ 0 ][ 0 ][-1 ]

 
 
 Matrix b: 

 
[ 1 ][-1 ][ 0 ][ 1 ][-1 ][-1 ][ 0 ][ 0 ][ 0 ][ 0 ][ 1 ][ 0 ][-1 ][ 0 ][ 0 ][ 0 ][ 0 ][-1 ][-1 ][ 0 ][-1 ][ 1 ][ 1 ][ 0 ][ 0 ][-1 ][ 0 ][ 1 ][ 0 ][ 0 ][ 0 ][-1 ][ 0 ][ 0 ][ 0 ][ 0 ][-1 ][ 0 ][ 0 ][ 1 ][-1 ][ 1 ][-1 ][ 0 ][ 1 ][ 0 ][ 0 ][ 0 ][ 0 ][ 1 ][-1 ][-1 ][ 0 ][ 0 ][ 1 ][ 0 ][ 0 ][-1 ][ 0 ][ 1 ][ 1 ][ 0 ][-1 ][ 0 ]
[ 0 ][ 1 ][ 0 ][-1 ][ 0 ][ 0 ][ 0 ][-1 ][ 1 ][-1 ][ 0 ][ 0 ][ 1 ][ 0 ][ 0 ][-1 ][ 1 ][ 0 ][-1 ][-1 ][ 1 ][ 0 ][ 0 ][-1 ][ 1 ][ 1 ][ 0 ][ 0 ][ 0 ][ 1 ][ 0 ][-1 ][ 1 ][ 0 ][ 0 ][ 0 ][ 0 ][ 0 ][ 0 ][-1 ][ 1 ][ 0 ][-1 ][ 0 ][-1 ][ 0 ][ 0 ][-1 ][ 0 ][-1 ][ 1 ][-1 ][ 0 ][ 0 ][ 0 ][ 0 ][ 0 ][ 1 ][ 0 ][ 0 ][ 0 ][-1 ][ 0 ][ 0 ]
[-1 ][ 0 ][ 0 ][-1 ][ 0 ][-1 ][-1 ][ 1 ][-1 ][ 0 ][ 0 ][-1 ][ 1 ][ 1 ][ 0 ][ 0 ][-1 ][ 0 ][ 0 ][ 1 ][-1 ][ 1 ][ 0 ][-1 ][ 1 ][-1 ][ 0 ][-1 ][-1 ][ 0 ][-1 ][ 0 ][ 1 ][ 0 ][ 0 ][-1 ][-1 ][-1 ][-1 ][ 0 ][ 0 ][ 0 ][ 0 ][ 1 ][ 0 ][ 0 ][ 0 ][ 0 ][ 0 ][-1 ][-1 ][ 0 ][ 1 ][ 0 ][ 1 ][ 0 ][ 0 ][-1 ][ 0 ][-1 ][ 0 ][ 1 ][ 1 ][-1 ]
[-1 ][ 0 ][-1 ][-1 ][ 0 ][ 0 ][-1 ][ 0 ][-1 ][ 1 ][ 0 ][ 1 ][ 0 ][ 1 ][-1 ][ 0 ][ 0 ][ 0 ][ 0 ][ 0 ][ 1 ][ 0 ][ 1 ][ 0 ][ 1 ][-1 ][-1 ][ 0 ][ 0 ][ 1 ][ 0 ][ 1 ][ 0 ][ 1 ][-1 ][-1 ][ 1 ][ 0 ][-1 ][ 0 ][ 0 ][ 0 ][ 0 ][ 1 ][-1 ][ 1 ][-1 ][ 1 ][ 1 ][ 0 ][ 0 ][ 1 ][ 0 ][ 1 ][ 1 ][ 1 ][-1 ][ 0 ][ 0 ][ 0 ][ 0 ][-1 ][ 1 ][ 0 ]
[ 1 ][ 0 ][-1 ][ 0 ][ 1 ][-1 ][-1 ][ 0 ][-1 ][ 0 ][ 0 ][-1 ][ 1 ][-1 ][ 0 ][ 0 ][ 1 ][ 0 ][ 1 ][ 1 ][ 0 ][ 0 ][-1 ][ 0 ][ 1 ][-1 ][ 1 ][ 0 ][-1 ][ 1 ][ 0 ][ 1 ][-1 ][ 1 ][ 1 ][ 0 ][ 1 ][ 1 ][ 0 ][ 0 ][ 0 ][ 0 ][ 0 ][ 0 ][ 1 ][ 0 ][-1 ][-1 ][ 1 ][ 0 ][ 1 ][-1 ][ 1 ][ 0 ][ 0 ][ 0 ][ 1 ][ 0 ][ 0 ][ 0 ][ 0 ][-1 ][ 0 ][ 1 ]
[ 0 ][ 0 ][ 0 ][-1 ][ 1 ][ 0 ][ 0 ][-1 ][ 1 ][ 0 ][ 0 ][-1 ][-1 ][ 1 ][ 1 ][ 1 ][ 0 ][ 0 ][ 0 ][ 1 ][-1 ][ 0 ][ 1 ][ 1 ][ 0 ][ 0 ][ 1 ][ 0 ][-1 ][ 1 ][ 1 ][ 1 ][ 1 ][ 0 ][-1 ][ 0 ][ 1 ][ 0 ][ 0 ][ 0 ][ 0 ][-1 ][-1 ][ 0 ][ 0 ][ 1 ][ 1 ][ 1 ][ 0 ][ 1 ][-1 ][-1 ][ 1 ][ 0 ][-1 ][ 1 ][ 0 ][ 1 ][-1 ][-1 ][-1 ][ 1 ][ 0 ][ 0 ]
[ 0 ][ 1 ][ 1 ][ 1 ][ 1 ][ 1 ][ 1 ][-1 ][ 0 ][-1 ][ 1 ][ 0 ][ 1 ][ 0 ][-1 ][ 1 ][ 1 ][ 0 ][-1 ][ 1 ][-1 ][ 0 ][-1 ][-1 ][ 0 ][ 1 ][-1 ][-1 ][-1 ][ 0 ][ 0 ][ 0 ][ 1 ][ 0 ][ 0 ][ 0 ][ 1 ][ 0 ][-1 ][ 1 ][ 0 ][ 0 ][ 0 ][ 1 ][ 0 ][ 1 ][-1 ][ 1 ][ 0 ][-1 ][ 0 ][ 0 ][ 0 ][ 1 ][ 0 ][ 1 ][ 1 ][-1 ][-1 ][ 0 ][ 0 ][ 1 ][ 0 ][ 0 ]
[ 0 ][ 0 ][-1 ][ 1 ][ 0 ][-1 ][ 1 ][ 0 ][ 0 ][ 1 ][ 0 ][ 1 ][ 0 ][ 1 ][-1 ][ 0 ][ 0 ][ 1 ][ 0 ][-1 ][ 0 ][ 0 ][ 0 ][ 0 ][ 0 ][ 0 ][ 0 ][ 0 ][-1 ][-1 ][ 0 ][ 0 ][ 1 ][ 1 ][ 1 ][ 0 ][ 0 ][-1 ][ 0 ][-1 ][ 0 ][ 1 ][ 0 ][-1 ][ 0 ][-1 ][ 1 ][ 0 ][ 0 ][ 1 ][ 0 ][ 0 ][ 0 ][ 0 ][ 0 ][-1 ][-1 ][ 0 ][ 1 ][ 0 ][ 1 ][ 1 ][-1 ][-1 ]
[-1 ][-1 ][-1 ][ 1 ][ 0 ][-1 ][ 1 ][ 1 ][-1 ][ 0 ][ 1 ][-1 ][ 0 ][ 0 ][ 1 ][ 1 ][ 1 ][-1 ][ 0 ][-1 ][ 1 ][ 0 ][ 1 ][ 1 ][ 1 ][ 1 ][ 1 ][ 1 ][-1 ][-1 ][ 0 ][ 0 ][ 0 ][ 0 ][ 1 ][ 0 ][-1 ][-1 ][ 0 ][ 1 ][ 0 ][-1 ][ 0 ][ 1 ][ 0 ][ 0 ][ 1 ][ 1 ][ 0 ][ 0 ][ 0 ][ 1 ][ 0 ][ 1 ][-1 ][-1 ][ 0 ][ 0 ][-1 ][ 0 ][-1 ][-1 ][-1 ][-1 ]
[ 1 ][-1 ][ 0 ][ 0 ][-1 ][ 0 ][ 0 ][ 0 ][-1 ][ 0 ][-1 ][ 1 ][-1 ][ 0 ][ 0 ][ 0 ][-1 ][ 0 ][ 0 ][ 0 ][ 0 ][-1 ][-1 ][ 1 ][ 0 ][ 1 ][-1 ][ 1 ][ 1 ][-1 ][ 1 ][-1 ][ 0 ][ 0 ][ 0 ][ 1 ][ 0 ][ 1 ][-1 ][-1 ][ 0 ][ 0 ][ 1 ][ 0 ][-1 ][ 0 ][ 0 ][ 1 ][ 0 ][-1 ][ 0 ][ 0 ][ 0 ][ 0 ][-1 ][-1 ][ 1 ][ 0 ][ 0 ][-1 ][ 0 ][ 0 ][-1 ][-1 ]
[-1 ][ 0 ][-1 ][ 1 ][-1 ][-1 ][ 0 ][ 0 ][ 0 ][ 0 ][ 0 ][ 1 ][-1 ][ 0 ][ 0 ][ 1 ][ 1 ][ 0 ][ 0 ][ 0 ][ 0 ][-1 ][ 0 ][-1 ][ 0 ][ 0 ][ 0 ][ 1 ][ 1 ][ 1 ][ 0 ][ 0 ][ 0 ][ 0 ][ 0 ][ 0 ][-1 ][ 1 ][-1 ][ 0 ][ 1 ][ 0 ][-1 ][ 0 ][ 0 ][-1 ][ 0 ][ 0 ][-1 ][ 0 ][ 0 ][ 0 ][ 1 ][ 1 ][ 0 ][-1 ][ 0 ][ 0 ][ 0 ][ 1 ][ 0 ][ 0 ][ 0 ][-1 ]
[ 1 ][-1 ][ 0 ][ 1 ][-1 ][-1 ][-1 ][ 0 ][ 0 ][ 1 ][ 0 ][ 0 ][ 0 ][-1 ][ 1 ][ 0 ][ 0 ][-1 ][ 1 ][ 1 ][ 0 ][ 1 ][ 0 ][ 0 ][ 0 ][ 0 ][ 0 ][ 0 ][ 1 ][ 1 ][ 0 ][ 1 ][ 1 ][ 0 ][-1 ][ 1 ][ 0 ][ 0 ][ 0 ][ 0 ][ 0 ][ 0 ][ 0 ][ 0 ][ 0 ][ 0 ][-1 ][ 1 ][-1 ][ 1 ][ 0 ][-1 ][ 0 ][ 0 ][ 0 ][ 0 ][ 1 ][ 0 ][ 0 ][ 0 ][ 1 ][ 0 ][ 0 ][-1 ]
[ 0 ][ 1 ][ 1 ][ 0 ][ 1 ][ 0 ][ 0 ][ 0 ][ 1 ][-1 ][ 0 ][ 1 ][ 0 ][ 0 ][-1 ][ 0 ][ 1 ][-1 ][-1 ][ 1 ][ 0 ][ 1 ][ 1 ][ 0 ][ 0 ][ 1 ][ 0 ][ 0 ][ 0 ][-1 ][ 0 ][ 1 ][-1 ][ 1 ][-1 ][ 0 ][ 1 ][ 1 ][-1 ][-1 ][ 0 ][ 0 ][ 0 ][ 1 ][ 0 ][ 0 ][ 1 ][ 0 ][ 0 ][ 0 ][ 0 ][-1 ][ 0 ][ 0 ][ 0 ][ 0 ][-1 ][ 1 ][ 0 ][ 0 ][ 0 ][ 1 ][-1 ][-1 ]
[ 1 ][ 1 ][ 1 ][-1 ][-1 ][ 1 ][ 0 ][ 0 ][ 1 ][ 0 ][ 1 ][ 0 ][ 1 ][ 0 ][ 0 ][ 1 ][ 0 ][ 0 ][ 0 ][ 0 ][ 0 ][ 1 ][ 1 ][ 0 ][ 1 ][-1 ][ 0 ][ 0 ][ 0 ][ 0 ][-1 ][ 1 ][ 0 ][ 1 ][-1 ][ 1 ][ 1 ][ 0 ][ 0 ][ 1 ][ 0 ][ 1 ][ 1 ][ 0 ][ 1 ][ 0 ][-1 ][-1 ][ 0 ][-1 ][-1 ][ 0 ][ 1 ][ 0 ][ 0 ][-1 ][-1 ][-1 ][-1 ][ 0 ][-1 ][-1 ][ 0 ][ 1 ]
[ 0 ][ 0 ][ 0 ][ 1 ][ 0 ][ 1 ][-1 ][ 1 ][ 0 ][ 0 ][ 0 ][-1 ][ 0 ][ 1 ][ 0 ][ 0 ][ 1 ][-1 ][-1 ][ 0 ][ 0 ][ 0 ][-1 ][ 0 ][-1 ][ 1 ][ 0 ][ 1 ][ 0 ][ 0 ][ 0 ][-1 ][-1 ][ 0 ][-1 ][ 0 ][ 0 ][-1 ][ 0 ][ 0 ][ 0 ][ 0 ][ 0 ][-1 ][-1 ][ 1 ][ 0 ][-1 ][ 0 ][ 0 ][ 1 ][ 0 ][ 0 ][ 0 ][ 1 ][-1 ][ 0 ][ 0 ][ 0 ][ 0 ][ 0 ][ 0 ][-1 ][ 0 ]
[-1 ][ 0 ][ 0 ][-1 ][-1 ][ 0 ][-1 ][-1 ][-1 ][ 1 ][-1 ][-1 ][ 0 ][ 0 ][ 0 ][ 0 ][ 1 ][ 1 ][ 0 ][ 0 ][ 0 ][ 0 ][ 0 ][ 0 ][ 1 ][-1 ][ 0 ][ 0 ][ 1 ][ 0 ][ 1 ][ 0 ][ 0 ][ 0 ][-1 ][ 0 ][ 0 ][ 0 ][ 0 ][ 0 ][ 0 ][ 1 ][ 1 ][-1 ][ 1 ][ 1 ][ 1 ][-1 ][ 1 ][ 0 ][ 1 ][ 0 ][-1 ][ 1 ][ 0 ][ 0 ][ 0 ][ 1 ][-1 ][ 1 ][ 0 ][-1 ][ 1 ][-1 ]
[ 1 ][ 0 ][-1 ][-1 ][-1 ][ 0 ][-1 ][ 0 ][ 1 ][ 0 ][ 1 ][-1 ][ 1 ][ 0 ][ 0 ][ 1 ][ 0 ][ 0 ][ 1 ][-1 ][ 0 ][ 1 ][ 0 ][ 0 ][ 0 ][ 0 ][ 0 ][-1 ][ 0 ][ 0 ][-1 ][ 0 ][ 0 ][ 0 ][-1 ][ 0 ][ 0 ][ 0 ][-1 ][-1 ][ 1 ][-1 ][ 0 ][-1 ][ 0 ][ 1 ][-1 ][ 0 ][ 1 ][-1 ][ 0 ][ 1 ][ 0 ][-1 ][-1 ][ 0 ][-1 ][ 1 ][-1 ][ 1 ][ 0 ][ 1 ][ 0 ][ 0 ]
[-1 ][-1 ][ 0 ][ 0 ][ 1 ][ 0 ][ 1 ][ 0 ][ 0 ][-1 ][-1 ][-1 ][ 0 ][ 1 ][ 0 ][ 0 ][ 1 ][ 0 ][-1 ][-1 ][ 0 ][-1 ][ 0 ][ 1 ][ 1 ][ 0 ][ 0 ][-1 ][ 0 ][ 1 ][ 0 ][ 0 ][-1 ][-1 ][ 1 ][ 0 ][ 1 ][ 0 ][-1 ][ 0 ][ 0 ][ 0 ][ 1 ][-1 ][ 0 ][ 1 ][ 0 ][ 1 ][ 0 ][-1 ][-1 ][ 0 ][ 0 ][ 0 ][ 1 ][ 0 ][ 0 ][ 1 ][ 1 ][ 0 ][ 1 ][ 1 ][ 0 ][ 0 ]
[ 0 ][ 1 ][ 1 ][ 1 ][-1 ][ 0 ][-1 ][ 0 ][ 1 ][-1 ][-1 ][ 0 ][ 0 ][ 0 ][-1 ][-1 ][ 0 ][ 0 ][ 0 ][ 1 ][ 0 ][-1 ][ 0 ][ 1 ][ 0 ][ 0 ][-1 ][ 0 ][ 0 ][-1 ][ 0 ][-1 ][ 0 ][ 0 ][ 0 ][ 0 ][ 0 ][ 0 ][-1 ][-1 ][ 1 ][-1 ][ 0 ][ 0 ][-1 ][ 0 ][ 0 ][-1 ][ 1 ][-1 ][-1 ][-1 ][-1 ][-1 ][ 0 ][ 1 ][ 0 ][-1 ][-1 ][ 0 ][-1 ][ 0 ][ 0 ][ 0 ]
[ 1 ][ 0 ][ 1 ][-1 ][ 0 ][ 0 ][-1 ][-1 ][ 1 ][-1 ][-1 ][ 0 ][ 0 ][ 0 ][ 1 ][ 1 ][ 0 ][-1 ][-1 ][-1 ][ 1 ][-1 ][-1 ][ 1 ][ 0 ][ 0 ][-1 ][ 1 ][ 1 ][ 0 ][ 1 ][-1 ][ 0 ][ 0 ][-1 ][ 1 ][ 0 ][ 0 ][ 1 ][-1 ][ 0 ][-1 ][ 0 ][ 0 ][ 0 ][ 0 ][ 0 ][ 1 ][ 0 ][ 0 ][ 0 ][ 0 ][ 0 ][ 0 ][ 1 ][ 0 ][-1 ][ 0 ][ 1 ][-1 ][ 0 ][ 1 ][ 0 ][ 0 ]
[-1 ][ 0 ][ 1 ][ 0 ][ 0 ][ 1 ][ 1 ][-1 ][-1 ][-1 ][-1 ][ 1 ][ 0 ][ 0 ][ 0 ][-1 ][ 0 ][ 1 ][ 1 ][-1 ][ 0 ][ 1 ][ 1 ][ 0 ][ 0 ][ 0 ][-1 ][-1 ][ 1 ][-1 ][ 1 ][ 0 ][ 0 ][ 0 ][ 1 ][ 1 ][ 0 ][ 0 ][ 0 ][-1 ][ 1 ][ 1 ][ 0 ][ 1 ][ 0 ][ 0 ][-1 ][ 0 ][-1 ][ 0 ][ 1 ][ 0 ][ 0 ][ 0 ][ 0 ][ 1 ][ 0 ][ 0 ][ 1 ][ 1 ][ 0 ][ 1 ][ 1 ][ 1 ]
[-1 ][ 0 ][ 1 ][ 0 ][ 1 ][-1 ][ 1 ][ 0 ][-1 ][ 0 ][ 1 ][ 0 ][ 0 ][ 1 ][ 0 ][ 1 ][ 0 ][ 1 ][ 0 ][ 0 ][ 0 ][ 1 ][-1 ][ 0 ][ 0 ][ 0 ][ 1 ][ 0 ][ 0 ][ 0 ][ 1 ][ 1 ][-1 ][-1 ][ 0 ][ 0 ][-1 ][ 0 ][-1 ][ 0 ][ 0 ][-1 ][-1 ][ 0 ][ 0 ][-1 ][ 1 ][ 1 ][ 0 ][ 0 ][ 1 ][ 0 ][-1 ][-1 ][-1 ][ 1 ][ 1 ][-1 ][ 0 ][ 0 ][-1 ][ 0 ][ 0 ][ 1 ]
[ 1 ][ 0 ][-1 ][ 1 ][ 1 ][ 1 ][ 0 ][ 1 ][ 1 ][ 0 ][-1 ][-1 ][ 0 ][ 1 ][ 0 ][ 0 ][-1 ][ 0 ][ 1 ][ 0 ][ 0 ][-1 ][ 0 ][ 1 ][ 1 ][ 0 ][ 0 ][ 0 ][ 0 ][-1 ][ 0 ][ 1 ][-1 ][ 1 ][ 1 ][ 0 ][ 1 ][-1 ][ 0 ][-1 ][-1 ][ 0 ][-1 ][ 1 ][ 0 ][-1 ][ 1 ][-1 ][ 0 ][ 1 ][-1 ][ 0 ][ 1 ][ 1 ][ 1 ][ 0 ][ 0 ][ 0 ][ 1 ][ 0 ][ 1 ][ 0 ][ 0 ][ 0 ]
[-1 ][ 0 ][ 1 ][ 0 ][ 1 ][ 0 ][ 1 ][-1 ][ 0 ][-1 ][ 0 ][ 0 ][ 0 ][ 0 ][ 0 ][ 0 ][ 0 ][ 1 ][-1 ][ 0 ][-1 ][ 0 ][ 1 ][ 0 ][ 0 ][-1 ][-1 ][-1 ][ 1 ][ 0 ][ 0 ][ 1 ][-1 ][ 1 ][-1 ][ 0 ][ 0 ][ 1 ][ 0 ][-1 ][ 0 ][ 1 ][ 0 ][-1 ][ 0 ][ 0 ][ 1 ][ 1 ][ 0 ][ 0 ][ 0 ][-1 ][-1 ][-1 ][ 0 ][ 1 ][-1 ][ 1 ][ 1 ][ 0 ][-1 ][ 1 ][ 0 ][-1 ]
[ 0 ][ 0 ][ 0 ][ 0 ][ 1 ][-1 ][ 0 ][ 0 ][ 1 ][-1 ][ 1 ][ 0 ][ 0 ][ 0 ][ 0 ][ 1 ][ 1 ][ 0 ][-1 ][-1 ][-1 ][ 1 ][ 1 ][ 1 ][ 0 ][ 1 ][ 1 ][ 1 ][-1 ][ 0 ][ 0 ][ 0 ][ 0 ][ 0 ][ 0 ][ 1 ][ 0 ][ 0 ][ 1 ][ 0 ][ 0 ][ 1 ][ 1 ][ 0 ][ 1 ][ 1 ][ 1 ][ 0 ][ 0 ][ 0 ][ 0 ][ 0 ][ 0 ][ 0 ][ 0 ][ 0 ][ 1 ][ 0 ][ 0 ][ 0 ][ 1 ][ 0 ][-1 ][ 1 ]
[ 0 ][ 1 ][ 0 ][-1 ][ 0 ][ 0 ][-1 ][-1 ][ 0 ][ 0 ][ 1 ][ 0 ][-1 ][ 0 ][ 0 ][ 0 ][ 0 ][ 0 ][ 0 ][-1 ][ 1 ][-1 ][ 0 ][ 1 ][ 0 ][-1 ][ 0 ][ 0 ][-1 ][ 0 ][-1 ][-1 ][-1 ][ 1 ][ 1 ][ 0 ][-1 ][ 0 ][-1 ][-1 ][ 0 ][ 1 ][-1 ][ 0 ][-1 ][-1 ][-1 ][ 1 ][-1 ][ 0 ][ 1 ][-1 ][ 0 ][ 0 ][-1 ][ 0 ][ 0 ][ 0 ][ 0 ][ 1 ][ 1 ][ 0 ][ 0 ][ 0 ]
[ 1 ][ 0 ][ 0 ][ 0 ][ 0 ][-1 ][-1 ][ 0 ][ 0 ][-1 ][ 0 ][ 1 ][ 0 ][-1 ][ 1 ][ 1 ][ 0 ][ 0 ][ 0 ][ 0 ][ 0 ][ 0 ][ 1 ][ 0 ][ 1 ][ 0 ][-1 ][-1 ][-1 ][ 0 ][ 1 ][ 1 ][ 0 ][-1 ][ 0 ][ 0 ][ 0 ][ 0 ][ 0 ][ 1 ][ 1 ][ 0 ][ 0 ][ 0 ][ 0 ][ 1 ][ 0 ][ 0 ][ 0 ][ 0 ][-1 ][ 1 ][-1 ][ 1 ][ 1 ][ 0 ][ 0 ][-1 ][ 0 ][ 0 ][ 0 ][-1 ][ 0 ][ 1 ]
[ 0 ][ 0 ][ 0 ][-1 ][ 0 ][ 0 ][ 1 ][-1 ][ 1 ][ 0 ][ 0 ][ 0 ][-1 ][ 0 ][ 0 ][ 0 ][ 0 ][-1 ][ 1 ][ 0 ][ 1 ][ 0 ][ 1 ][-1 ][ 0 ][ 1 ][ 0 ][-1 ][ 0 ][-1 ][ 0 ][ 0 ][ 0 ][ 0 ][ 0 ][ 0 ][ 0 ][ 1 ][ 0 ][ 0 ][ 1 ][ 0 ][-1 ][ 0 ][-1 ][ 0 ][-1 ][ 1 ][-1 ][ 1 ][ 0 ][ 0 ][-1 ][-1 ][-1 ][ 0 ][ 1 ][ 1 ][ 0 ][ 0 ][ 1 ][ 0 ][ 0 ][-1 ]
[ 0 ][ 0 ][ 0 ][ 0 ][ 0 ][ 1 ][ 0 ][ 0 ][-1 ][ 0 ][ 1 ][ 0 ][ 0 ][ 1 ][ 1 ][ 0 ][ 1 ][-1 ][-1 ][ 0 ][ 1 ][ 0 ][ 1 ][ 1 ][-1 ][-1 ][ 0 ][ 1 ][ 0 ][ 0 ][ 0 ][-1 ][ 1 ][ 0 ][-1 ][ 0 ][ 0 ][-1 ][ 0 ][ 1 ][ 1 ][ 1 ][-1 ][ 1 ][ 0 ][ 0 ][ 0 ][ 0 ][-1 ][ 1 ][ 0 ][ 1 ][ 0 ][ 1 ][ 1 ][ 0 ][ 0 ][ 0 ][ 1 ][ 0 ][ 1 ][ 1 ][-1 ][ 1 ]
[-1 ][-1 ][ 0 ][ 1 ][-1 ][ 0 ][ 0 ][-1 ][ 1 ][ 1 ][ 1 ][-1 ][ 0 ][ 0 ][-1 ][ 0 ][ 0 ][-1 ][ 0 ][ 0 ][ 0 ][ 0 ][ 0 ][ 0 ][-1 ][ 1 ][ 0 ][ 0 ][ 1 ][-1 ][ 0 ][ 0 ][ 0 ][ 0 ][-1 ][ 1 ][-1 ][ 0 ][ 1 ][ 0 ][ 0 ][ 0 ][ 0 ][ 0 ][-1 ][ 1 ][ 0 ][ 0 ][ 1 ][ 0 ][-1 ][ 0 ][ 0 ][ 1 ][ 1 ][ 0 ][ 0 ][ 1 ][ 1 ][-1 ][-1 ][-1 ][ 0 ][ 0 ]
[ 1 ][ 0 ][ 0 ][ 0 ][ 0 ][ 0 ][-1 ][ 1 ][ 0 ][-1 ][ 0 ][ 0 ][ 0 ][ 0 ][ 0 ][-1 ][ 0 ][ 1 ][ 0 ][ 0 ][ 0 ][ 0 ][-1 ][ 0 ][ 0 ][ 0 ][ 0 ][ 0 ][ 1 ][ 0 ][-1 ][ 1 ][ 0 ][ 0 ][ 0 ][ 1 ][ 0 ][ 1 ][ 0 ][ 1 ][ 1 ][ 0 ][ 0 ][ 0 ][ 0 ][ 1 ][ 0 ][ 1 ][-1 ][ 0 ][ 0 ][-1 ][ 1 ][-1 ][ 1 ][ 1 ][ 0 ][-1 ][-1 ][-1 ][ 0 ][ 0 ][ 1 ][ 0 ]
[-1 ][ 0 ][-1 ][ 1 ][ 0 ][ 0 ][ 0 ][-1 ][-1 ][ 1 ][ 0 ][ 1 ][ 0 ][ 0 ][-1 ][ 0 ][-1 ][ 0 ][ 1 ][ 0 ][-1 ][ 0 ][ 0 ][ 0 ][ 0 ][ 0 ][ 1 ][-1 ][ 1 ][ 1 ][-1 ][ 1 ][ 0 ][ 0 ][ 1 ][-1 ][ 0 ][ 1 ][ 1 ][-1 ][ 0 ][ 1 ][ 1 ][ 1 ][ 1 ][ 1 ][ 0 ][ 0 ][ 1 ][ 0 ][ 0 ][ 0 ][ 0 ][-1 ][ 0 ][ 0 ][ 0 ][ 0 ][ 1 ][ 1 ][-1 ][-1 ][-1 ][ 0 ]
[ 0 ][-1 ][ 0 ][ 0 ][ 1 ][ 0 ][ 0 ][-1 ][ 1 ][-1 ][-1 ][ 0 ][ 0 ][-1 ][ 0 ][ 0 ][ 1 ][-1 ][-1 ][ 0 ][ 0 ][-1 ][ 1 ][ 1 ][ 0 ][ 0 ][-1 ][ 1 ][ 0 ][ 0 ][ 0 ][ 0 ][ 0 ][ 0 ][-1 ][-1 ][ 1 ][ 0 ][ 1 ][ 1 ][ 1 ][ 0 ][ 1 ][ 0 ][ 0 ][ 0 ][-1 ][-1 ][ 0 ][ 0 ][-1 ][ 0 ][ 0 ][-1 ][ 1 ][ 1 ][-1 ][ 1 ][ 0 ][ 0 ][ 1 ][-1 ][-1 ][ 0 ]
[ 0 ][ 0 ][ 0 ][ 1 ][-1 ][ 0 ][ 0 ][-1 ][ 0 ][ 0 ][ 0 ][ 0 ][ 1 ][ 0 ][-1 ][-1 ][ 0 ][ 1 ][ 0 ][ 0 ][ 0 ][ 1 ][ 1 ][ 0 ][ 0 ][-1 ][ 0 ][-1 ][-1 ][ 0 ][ 0 ][ 0 ][ 1 ][ 1 ][ 1 ][ 0 ][ 0 ][-1 ][ 1 ][ 0 ][ 1 ][ 1 ][ 1 ][ 1 ][ 0 ][-1 ][ 1 ][-1 ][ 1 ][ 1 ][-1 ][-1 ][ 0 ][ 0 ][ 0 ][ 0 ][-1 ][-1 ][-1 ][ 0 ][-1 ][ 0 ][-1 ][ 0 ]
[ 0 ][ 1 ][ 0 ][ 0 ][ 0 ][-1 ][ 1 ][-1 ][ 0 ][ 1 ][ 1 ][ 0 ][ 1 ][ 1 ][-1 ][-1 ][ 1 ][ 0 ][ 1 ][-1 ][ 1 ][ 0 ][ 1 ][ 0 ][ 1 ][ 0 ][-1 ][ 0 ][ 0 ][ 1 ][-1 ][-1 ][ 1 ][ 0 ][-1 ][ 0 ][-1 ][ 0 ][ 0 ][ 0 ][ 1 ][-1 ][ 0 ][ 0 ][ 0 ][ 0 ][ 0 ][ 1 ][ 0 ][ 0 ][-1 ][ 0 ][ 1 ][ 1 ][ 0 ][ 0 ][ 0 ][-1 ][ 1 ][ 0 ][ 0 ][ 0 ][ 0 ][-1 ]
[ 1 ][ 0 ][-1 ][ 0 ][ 1 ][ 0 ][ 1 ][-1 ][ 1 ][ 0 ][ 0 ][-1 ][-1 ][ 0 ][-1 ][ 0 ][ 0 ][ 0 ][ 0 ][-1 ][ 1 ][ 1 ][ 0 ][ 0 ][-1 ][ 0 ][-1 ][ 1 ][ 1 ][ 0 ][-1 ][ 0 ][ 0 ][-1 ][ 0 ][-1 ][ 0 ][ 0 ][ 1 ][ 0 ][ 0 ][ 0 ][ 1 ][ 0 ][ 0 ][ 1 ][ 0 ][ 0 ][-1 ][ 0 ][ 0 ][-1 ][-1 ][-1 ][ 0 ][ 1 ][-1 ][ 0 ][ 1 ][ 1 ][-1 ][-1 ][ 1 ][ 1 ]
[-1 ][ 0 ][ 1 ][ 0 ][ 1 ][-1 ][ 1 ][-1 ][ 0 ][ 0 ][ 1 ][ 0 ][ 0 ][ 0 ][ 0 ][ 1 ][ 0 ][-1 ][ 0 ][ 0 ][-1 ][ 0 ][ 1 ][-1 ][-1 ][ 0 ][-1 ][ 0 ][ 1 ][ 0 ][-1 ][-1 ][ 0 ][ 0 ][-1 ][ 1 ][ 0 ][-1 ][-1 ][ 0 ][ 1 ][-1 ][-1 ][-1 ][ 1 ][ 0 ][ 1 ][-1 ][ 1 ][ 0 ][ 0 ][ 0 ][-1 ][ 1 ][ 0 ][-1 ][ 0 ][ 0 ][-1 ][-1 ][ 0 ][ 0 ][ 1 ][ 0 ]
[ 0 ][ 0 ][ 1 ][ 1 ][ 0 ][-1 ][-1 ][ 0 ][ 0 ][-1 ][ 0 ][-1 ][ 1 ][ 0 ][-1 ][-1 ][-1 ][ 0 ][ 0 ][ 1 ][ 0 ][-1 ][ 0 ][ 0 ][ 0 ][ 1 ][ 0 ][ 0 ][ 0 ][ 1 ][ 1 ][ 0 ][ 1 ][ 0 ][ 0 ][ 0 ][-1 ][ 0 ][ 0 ][ 0 ][ 0 ][ 1 ][ 1 ][ 0 ][-1 ][ 1 ][ 0 ][-1 ][ 1 ][ 0 ][-1 ][ 0 ][ 0 ][ 0 ][ 0 ][ 1 ][ 1 ][ 1 ][ 0 ][ 0 ][ 0 ][-1 ][ 1 ][ 1 ]
[ 0 ][-1 ][ 0 ][ 0 ][ 0 ][ 0 ][ 0 ][-1 ][-1 ][ 0 ][ 0 ][-1 ][ 0 ][-1 ][ 0 ][-1 ][-1 ][ 0 ][ 1 ][ 1 ][ 0 ][-1 ][ 0 ][ 0 ][ 0 ][ 0 ][ 0 ][ 0 ][ 0 ][ 0 ][ 0 ][-1 ][-1 ][ 0 ][ 1 ][ 0 ][ 1 ][ 0 ][-1 ][ 0 ][-1 ][ 1 ][-1 ][ 0 ][ 1 ][ 1 ][ 0 ][ 0 ][ 0 ][ 0 ][ 0 ][-1 ][ 0 ][ 0 ][ 0 ][ 1 ][ 1 ][ 0 ][ 1 ][-1 ][ 0 ][ 0 ][-1 ][ 0 ]
[ 0 ][ 1 ][ 0 ][ 0 ][ 0 ][-1 ][-1 ][ 1 ][-1 ][ 1 ][ 0 ][-1 ][-1 ][ 1 ][-1 ][-1 ][ 0 ][-1 ][ 0 ][-1 ][ 0 ][ 0 ][ 0 ][ 0 ][-1 ][ 0 ][ 1 ][ 1 ][ 1 ][-1 ][ 1 ][ 0 ][ 1 ][-1 ][-1 ][ 0 ][ 0 ][ 0 ][-1 ][-1 ][ 0 ][ 0 ][ 1 ][ 0 ][ 1 ][ 0 ][ 1 ][ 1 ][-1 ][ 0 ][ 0 ][ 0 ][ 0 ][-1 ][ 0 ][ 0 ][ 0 ][ 0 ][ 0 ][ 0 ][ 0 ][ 0 ][ 0 ][ 1 ]
[-1 ][ 0 ][-1 ][-1 ][ 0 ][ 0 ][ 1 ][ 0 ][ 0 ][ 0 ][-1 ][ 0 ][-1 ][-1 ][ 0 ][ 0 ][ 0 ][-1 ][ 0 ][ 0 ][ 0 ][ 0 ][ 1 ][-1 ][-1 ][ 0 ][-1 ][-1 ][-1 ][-1 ][ 1 ][ 1 ][-1 ][ 0 ][ 0 ][ 0 ][-1 ][ 0 ][ 0 ][-1 ][-1 ][ 0 ][ 0 ][ 0 ][-1 ][ 1 ][-1 ][-1 ][ 0 ][ 1 ][-1 ][ 1 ][ 1 ][ 0 ][-1 ][ 1 ][ 0 ][-1 ][ 1 ][ 0 ][ 0 ][ 1 ][ 1 ][ 1 ]
[ 0 ][ 1 ][ 0 ][ 0 ][-1 ][-1 ][ 1 ][-1 ][ 0 ][ 1 ][-1 ][ 0 ][-1 ][ 0 ][ 1 ][ 0 ][ 0 ][ 1 ][ 0 ][ 0 ][ 0 ][ 0 ][ 0 ][ 0 ][-1 ][-1 ][ 0 ][ 1 ][ 0 ][ 1 ][-1 ][ 1 ][ 0 ][ 0 ][ 0 ][ 0 ][ 1 ][-1 ][ 0 ][ 0 ][ 0 ][ 0 ][ 1 ][ 1 ][ 0 ][-1 ][-1 ][ 0 ][ 1 ][ 0 ][ 1 ][-1 ][ 0 ][ 0 ][-1 ][ 0 ][-1 ][ 0 ][ 0 ][-1 ][-1 ][ 1 ][ 1 ][ 1 ]
[ 1 ][ 1 ][ 0 ][ 0 ][-1 ][ 0 ][-1 ][ 0 ][ 0 ][-1 ][ 0 ][ 1 ][ 0 ][-1 ][ 1 ][ 0 ][ 0 ][ 0 ][ 0 ][ 0 ][ 0 ][-1 ][ 1 ][-1 ][ 0 ][ 0 ][ 0 ][ 0 ][ 1 ][-1 ][ 0 ][ 1 ][ 1 ][ 0 ][ 0 ][-1 ][ 1 ][ 0 ][ 0 ][ 1 ][ 0 ][ 0 ][ 0 ][ 1 ][-1 ][ 1 ][ 0 ][ 1 ][-1 ][-1 ][ 0 ][ 1 ][ 0 ][ 1 ][ 0 ][ 0 ][ 0 ][ 0 ][ 0 ][ 0 ][ 0 ][ 0 ][-1 ][-1 ]
[ 0 ][ 0 ][ 0 ][ 0 ][-1 ][ 1 ][-1 ][ 0 ][ 1 ][-1 ][ 0 ][-1 ][ 0 ][ 0 ][-1 ][ 1 ][ 0 ][ 0 ][ 0 ][-1 ][ 0 ][ 1 ][-1 ][ 0 ][ 0 ][ 0 ][ 0 ][ 1 ][-1 ][ 0 ][ 0 ][-1 ][ 0 ][ 1 ][ 0 ][ 0 ][-1 ][-1 ][ 0 ][ 0 ][ 0 ][ 1 ][ 1 ][ 0 ][ 0 ][-1 ][-1 ][ 0 ][ 0 ][-1 ][ 0 ][ 0 ][ 0 ][-1 ][ 0 ][ 1 ][ 1 ][ 0 ][ 0 ][ 1 ][-1 ][ 0 ][-1 ][ 1 ]
[ 0 ][-1 ][ 0 ][-1 ][ 0 ][-1 ][-1 ][-1 ][ 1 ][ 0 ][ 1 ][ 0 ][ 0 ][ 1 ][ 0 ][ 0 ][ 1 ][-1 ][ 0 ][-1 ][ 0 ][ 0 ][-1 ][ 0 ][ 0 ][-1 ][ 0 ][-1 ][ 0 ][ 0 ][ 0 ][-1 ][-1 ][ 1 ][ 1 ][ 0 ][ 0 ][ 1 ][ 0 ][ 0 ][ 0 ][-1 ][ 1 ][ 1 ][ 1 ][ 0 ][ 0 ][ 0 ][ 0 ][ 0 ][ 0 ][ 1 ][ 0 ][-1 ][ 0 ][ 0 ][ 0 ][ 0 ][ 0 ][ 0 ][ 0 ][ 0 ][ 0 ][ 1 ]
[ 1 ][-1 ][ 0 ][-1 ][-1 ][ 1 ][ 1 ][ 1 ][-1 ][ 1 ][-1 ][ 0 ][ 1 ][ 0 ][-1 ][-1 ][ 0 ][-1 ][-1 ][-1 ][ 1 ][ 0 ][ 1 ][ 0 ][ 1 ][-1 ][ 1 ][ 1 ][ 0 ][ 1 ][ 0 ][ 0 ][ 0 ][-1 ][ 0 ][-1 ][ 0 ][ 0 ][ 0 ][-1 ][ 1 ][ 0 ][ 0 ][ 1 ][ 1 ][ 1 ][ 0 ][-1 ][-1 ][ 1 ][-1 ][ 1 ][ 0 ][ 1 ][ 0 ][ 1 ][ 0 ][ 1 ][ 1 ][-1 ][ 1 ][-1 ][ 0 ][ 1 ]
[ 0 ][ 0 ][ 0 ][ 0 ][ 0 ][ 1 ][-1 ][ 0 ][-1 ][ 1 ][-1 ][ 0 ][ 1 ][ 1 ][-1 ][-1 ][ 1 ][-1 ][ 0 ][ 1 ][-1 ][ 1 ][-1 ][ 0 ][ 1 ][ 0 ][-1 ][ 0 ][ 0 ][ 1 ][-1 ][ 0 ][ 0 ][ 0 ][ 0 ][ 0 ][ 0 ][ 0 ][-1 ][ 1 ][-1 ][ 0 ][ 0 ][ 1 ][ 0 ][ 0 ][-1 ][ 0 ][ 1 ][ 0 ][-1 ][ 0 ][ 0 ][ 0 ][ 0 ][ 0 ][ 0 ][ 0 ][ 1 ][ 0 ][ 1 ][ 1 ][-1 ][ 0 ]
[-1 ][ 0 ][-1 ][ 1 ][ 0 ][ 1 ][-1 ][ 0 ][-1 ][ 1 ][-1 ][ 0 ][ 0 ][ 1 ][ 0 ][-1 ][ 1 ][ 0 ][-1 ][ 0 ][ 0 ][ 1 ][ 1 ][ 1 ][ 0 ][ 0 ][ 0 ][ 0 ][-1 ][ 0 ][-1 ][ 1 ][-1 ][ 1 ][-1 ][-1 ][ 0 ][ 0 ][ 0 ][ 0 ][ 0 ][ 0 ][ 1 ][ 0 ][ 0 ][ 0 ][ 1 ][-1 ][ 0 ][ 1 ][ 0 ][ 0 ][ 0 ][ 0 ][-1 ][ 1 ][ 0 ][ 1 ][ 1 ][ 0 ][ 0 ][ 0 ][-1 ][-1 ]
[ 1 ][-1 ][ 0 ][ 1 ][ 0 ][ 1 ][ 0 ][ 1 ][ 0 ][ 0 ][ 0 ][-1 ][ 0 ][ 1 ][ 0 ][ 0 ][ 0 ][-1 ][ 0 ][ 0 ][ 0 ][ 1 ][ 0 ][-1 ][ 0 ][ 1 ][ 0 ][ 1 ][ 1 ][ 0 ][-1 ][ 0 ][ 0 ][ 1 ][-1 ][ 1 ][-1 ][ 0 ][ 0 ][ 0 ][ 0 ][ 1 ][ 0 ][-1 ][ 0 ][ 0 ][ 0 ][-1 ][ 0 ][ 0 ][-1 ][-1 ][-1 ][ 0 ][ 0 ][ 0 ][-1 ][ 1 ][ 0 ][ 1 ][-1 ][ 1 ][ 1 ][ 0 ]
[ 0 ][ 0 ][ 0 ][ 0 ][ 1 ][-1 ][ 0 ][ 0 ][ 0 ][ 0 ][-1 ][ 0 ][ 1 ][-1 ][ 0 ][ 0 ][ 0 ][-1 ][ 0 ][ 0 ][ 0 ][ 0 ][ 1 ][ 1 ][ 0 ][ 0 ][-1 ][ 0 ][-1 ][ 1 ][-1 ][ 0 ][ 0 ][ 0 ][ 1 ][ 1 ][-1 ][ 0 ][-1 ][ 0 ][ 1 ][-1 ][-1 ][ 1 ][-1 ][-1 ][ 0 ][ 0 ][ 0 ][ 1 ][ 1 ][ 1 ][ 0 ][ 0 ][ 1 ][-1 ][ 0 ][ 0 ][ 1 ][ 0 ][ 0 ][ 0 ][ 0 ][-1 ]
[ 1 ][-1 ][-1 ][-1 ][ 0 ][ 0 ][ 0 ][ 0 ][-1 ][ 0 ][-1 ][ 0 ][-1 ][ 0 ][ 1 ][ 0 ][ 0 ][ 0 ][ 0 ][ 0 ][ 1 ][ 1 ][ 0 ][ 0 ][ 0 ][ 1 ][-1 ][ 0 ][ 0 ][ 1 ][ 0 ][-1 ][ 0 ][ 1 ][-1 ][ 0 ][ 0 ][-1 ][ 1 ][ 1 ][ 1 ][-1 ][ 0 ][ 1 ][-1 ][-1 ][ 0 ][ 0 ][-1 ][ 1 ][ 1 ][ 0 ][ 0 ][ 0 ][ 0 ][ 0 ][-1 ][-1 ][ 1 ][ 1 ][ 1 ][ 1 ][ 0 ][ 1 ]
[-1 ][ 0 ][ 1 ][ 1 ][ 1 ][-1 ][-1 ][ 1 ][ 0 ][ 1 ][-1 ][ 0 ][ 0 ][ 0 ][ 1 ][ 1 ][ 0 ][ 0 ][ 1 ][ 1 ][ 1 ][ 0 ][ 0 ][ 0 ][-1 ][-1 ][ 1 ][ 0 ][ 1 ][ 0 ][ 0 ][-1 ][-1 ][ 1 ][ 0 ][-1 ][ 0 ][ 1 ][ 0 ][ 1 ][ 0 ][ 0 ][-1 ][ 0 ][ 0 ][ 0 ][ 1 ][-1 ][ 0 ][ 0 ][-1 ][ 0 ][ 1 ][ 1 ][ 1 ][ 0 ][-1 ][ 1 ][ 1 ][ 0 ][ 0 ][ 0 ][-1 ][ 1 ]
[ 1 ][ 0 ][ 0 ][-1 ][-1 ][ 1 ][ 0 ][-1 ][ 0 ][ 0 ][ 0 ][ 1 ][ 0 ][ 0 ][ 0 ][-1 ][ 0 ][ 0 ][ 0 ][ 0 ][ 1 ][ 1 ][ 1 ][ 0 ][ 0 ][-1 ][ 0 ][ 1 ][ 1 ][ 0 ][ 0 ][ 0 ][ 0 ][ 0 ][-1 ][ 0 ][ 1 ][ 0 ][ 0 ][ 1 ][ 0 ][-1 ][ 1 ][ 0 ][ 0 ][-1 ][ 0 ][ 1 ][ 0 ][ 0 ][ 0 ][ 1 ][ 0 ][-1 ][ 1 ][ 1 ][ 0 ][-1 ][ 0 ][ 0 ][ 1 ][ 0 ][ 1 ][-1 ]
[-1 ][-1 ][-1 ][ 0 ][-1 ][ 1 ][-1 ][-1 ][ 0 ][-1 ][-1 ][ 1 ][ 0 ][ 0 ][ 0 ][ 0 ][ 0 ][ 1 ][ 0 ][ 0 ][ 0 ][ 0 ][ 1 ][-1 ][ 0 ][ 0 ][-1 ][ 1 ][ 0 ][-1 ][-1 ][ 0 ][ 0 ][ 0 ][ 1 ][ 0 ][ 0 ][ 0 ][ 1 ][ 0 ][ 1 ][-1 ][-1 ][ 0 ][ 0 ][ 0 ][ 1 ][ 0 ][ 1 ][-1 ][-1 ][ 0 ][ 1 ][ 1 ][ 0 ][ 1 ][ 0 ][-1 ][ 1 ][ 0 ][ 1 ][ 1 ][ 0 ][ 0 ]
[ 0 ][-1 ][ 0 ][ 1 ][-1 ][ 0 ][ 0 ][ 0 ][ 0 ][ 0 ][ 0 ][ 0 ][ 0 ][ 0 ][ 1 ][ 0 ][ 1 ][ 0 ][-1 ][ 0 ][ 0 ][ 0 ][-1 ][ 0 ][-1 ][ 0 ][ 0 ][ 1 ][ 0 ][-1 ][ 0 ][-1 ][-1 ][ 0 ][ 0 ][ 0 ][-1 ][ 1 ][ 1 ][ 1 ][ 0 ][ 1 ][ 0 ][-1 ][ 0 ][ 0 ][-1 ][-1 ][ 0 ][ 1 ][-1 ][-1 ][-1 ][-1 ][ 0 ][ 0 ][-1 ][-1 ][-1 ][ 0 ][-1 ][-1 ][ 0 ][-1 ]
[ 0 ][ 0 ][ 0 ][ 1 ][ 0 ][ 1 ][ 1 ][ 0 ][ 1 ][-1 ][-1 ][-1 ][ 1 ][ 0 ][ 0 ][ 1 ][ 0 ][ 0 ][ 1 ][-1 ][ 1 ][ 0 ][ 0 ][ 0 ][ 0 ][ 1 ][ 1 ][ 0 ][-1 ][ 0 ][ 0 ][-1 ][ 1 ][ 0 ][ 0 ][ 1 ][-1 ][ 1 ][ 1 ][ 0 ][ 0 ][ 0 ][ 0 ][ 0 ][ 0 ][ 0 ][ 1 ][ 0 ][ 0 ][ 0 ][ 0 ][ 0 ][ 0 ][ 0 ][ 0 ][-1 ][-1 ][-1 ][ 0 ][ 0 ][ 0 ][-1 ][ 1 ][-1 ]
[ 0 ][ 0 ][ 1 ][-1 ][-1 ][-1 ][ 0 ][ 0 ][-1 ][ 0 ][-1 ][ 0 ][-1 ][ 0 ][ 0 ][ 0 ][ 0 ][-1 ][ 0 ][ 1 ][-1 ][ 0 ][ 0 ][ 1 ][ 1 ][-1 ][ 1 ][-1 ][-1 ][ 0 ][ 0 ][ 1 ][ 0 ][ 0 ][ 0 ][-1 ][ 0 ][ 0 ][ 1 ][ 0 ][ 0 ][ 0 ][ 0 ][ 1 ][ 0 ][ 0 ][ 1 ][ 0 ][ 0 ][ 0 ][ 0 ][ 1 ][-1 ][ 0 ][-1 ][ 0 ][ 1 ][ 0 ][ 0 ][ 0 ][ 0 ][ 0 ][ 0 ][-1 ]
[ 1 ][ 0 ][ 0 ][-1 ][ 0 ][ 0 ][ 0 ][ 0 ][ 0 ][-1 ][ 0 ][ 0 ][ 1 ][ 0 ][ 0 ][ 1 ][ 0 ][ 0 ][ 0 ][-1 ][ 0 ][-1 ][-1 ][ 0 ][-1 ][ 0 ][ 0 ][ 0 ][ 1 ][ 0 ][ 0 ][ 0 ][ 1 ][ 0 ][ 0 ][ 0 ][ 1 ][-1 ][-1 ][ 1 ][ 0 ][-1 ][ 1 ][ 0 ][-1 ][-1 ][ 1 ][ 1 ][ 0 ][ 0 ][ 1 ][ 0 ][ 1 ][ 0 ][-1 ][-1 ][ 1 ][-1 ][ 1 ][ 0 ][-1 ][ 0 ][ 1 ][ 1 ]
[-1 ][ 0 ][ 0 ][ 0 ][ 0 ][-1 ][ 1 ][ 0 ][ 0 ][ 0 ][ 1 ][ 0 ][ 1 ][-1 ][ 0 ][ 0 ][ 1 ][ 0 ][ 0 ][ 0 ][ 0 ][-1 ][ 0 ][ 1 ][ 0 ][ 1 ][-1 ][ 0 ][ 1 ][ 1 ][ 0 ][ 1 ][ 0 ][ 0 ][-1 ][ 0 ][ 0 ][ 0 ][ 0 ][-1 ][ 1 ][ 1 ][-1 ][ 0 ][ 0 ][ 1 ][ 0 ][-1 ][ 0 ][-1 ][ 1 ][ 0 ][ 0 ][ 0 ][ 1 ][ 0 ][ 0 ][ 0 ][ 0 ][-1 ][-1 ][ 1 ][-1 ][ 0 ]
[ 0 ][ 0 ][ 0 ][ 1 ][ 0 ][ 0 ][ 0 ][ 1 ][ 0 ][ 1 ][ 0 ][ 0 ][ 0 ][-1 ][ 0 ][ 0 ][ 0 ][ 0 ][ 1 ][ 0 ][ 0 ][-1 ][ 0 ][ 1 ][ 0 ][ 0 ][-1 ][ 0 ][-1 ][-1 ][ 0 ][ 0 ][-1 ][ 0 ][ 0 ][ 1 ][-1 ][-1 ][ 0 ][ 0 ][ 0 ][ 0 ][ 0 ][ 0 ][ 0 ][-1 ][ 1 ][ 0 ][-1 ][-1 ][ 0 ][-1 ][ 1 ][ 1 ][ 0 ][ 0 ][ 1 ][ 1 ][ 1 ][ 1 ][ 0 ][ 0 ][-1 ][ 1 ]
[ 0 ][ 0 ][-1 ][ 1 ][ 0 ][ 1 ][ 0 ][ 0 ][-1 ][ 0 ][ 0 ][ 0 ][ 0 ][ 0 ][ 0 ][-1 ][ 0 ][ 1 ][ 0 ][ 1 ][ 0 ][ 0 ][ 0 ][ 0 ][ 1 ][ 0 ][-1 ][ 1 ][ 0 ][ 0 ][ 0 ][ 0 ][ 0 ][ 0 ][ 1 ][-1 ][ 1 ][ 0 ][ 0 ][ 1 ][ 0 ][-1 ][-1 ][-1 ][ 1 ][ 1 ][ 0 ][ 1 ][ 0 ][-1 ][ 0 ][ 0 ][ 0 ][ 1 ][-1 ][ 0 ][ 0 ][ 0 ][ 1 ][ 0 ][ 0 ][ 1 ][-1 ][ 0 ]
[ 0 ][ 1 ][ 0 ][-1 ][ 1 ][ 1 ][ 0 ][ 0 ][ 1 ][ 0 ][ 0 ][ 1 ][ 0 ][ 0 ][ 1 ][-1 ][-1 ][ 1 ][ 0 ][-1 ][ 0 ][ 0 ][ 0 ][ 0 ][ 0 ][-1 ][-1 ][ 0 ][ 0 ][ 0 ][ 0 ][ 0 ][-1 ][ 1 ][ 0 ][ 0 ][ 0 ][ 0 ][ 0 ][ 0 ][ 0 ][ 1 ][ 1 ][ 1 ][ 0 ][ 0 ][ 1 ][ 0 ][ 0 ][ 0 ][-1 ][ 0 ][ 0 ][-1 ][ 1 ][ 0 ][ 0 ][ 0 ][ 0 ][-1 ][-1 ][ 1 ][-1 ][-1 ]
[ 0 ][ 0 ][ 1 ][ 0 ][ 0 ][ 0 ][-1 ][ 0 ][ 0 ][ 1 ][ 1 ][ 1 ][ 0 ][-1 ][ 0 ][ 0 ][ 0 ][ 1 ][ 1 ][-1 ][ 1 ][ 0 ][-1 ][ 0 ][ 0 ][-1 ][ 0 ][ 0 ][ 1 ][ 1 ][ 0 ][-1 ][ 0 ][ 0 ][ 0 ][ 0 ][-1 ][ 1 ][ 0 ][-1 ][ 0 ][ 0 ][ 0 ][ 0 ][ 1 ][-1 ][ 0 ][ 1 ][-1 ][ 0 ][ 1 ][ 0 ][ 1 ][ 1 ][ 0 ][-1 ][ 0 ][ 0 ][ 1 ][ 0 ][-1 ][ 0 ][-1 ][ 0 ]
[ 0 ][ 0 ][ 1 ][ 0 ][ 0 ][ 0 ][ 1 ][ 0 ][-1 ][ 0 ][-1 ][-1 ][ 1 ][ 0 ][ 0 ][ 1 ][ 1 ][ 1 ][ 0 ][-1 ][-1 ][-1 ][ 0 ][-1 ][ 0 ][ 0 ][-1 ][-1 ][ 1 ][ 0 ][ 0 ][ 0 ][ 0 ][ 0 ][ 0 ][ 1 ][ 0 ][ 0 ][ 0 ][ 0 ][-1 ][-1 ][-1 ][ 0 ][ 1 ][ 0 ][ 1 ][ 1 ][-1 ][ 1 ][ 0 ][-1 ][ 0 ][ 1 ][ 1 ][-1 ][ 1 ][-1 ][ 0 ][ 0 ][ 0 ][ 1 ][-1 ][-1 ]

 
 
 
 
[-1 ][ 0 ][ 0 ][ 0 ][ 0 ][ 0 ][ 0 ][ 0 ][ 0 ][ 0 ][ 0 ][ 0 ][ 0 ][-1 ][-1 ][ 0 ][ 0 ][ 0 ][ 0 ][ 0 ][-1 ][ 0 ][ 0 ][ 0 ][ 0 ][-1 ][ 1 ][ 0 ][ 0 ][ 0 ][ 0 ][ 0 ][ 0 ][ 0 ][-1 ][-1 ][ 0 ][ 0 ][ 0 ][ 0 ][ 0 ][ 0 ][ 0 ][ 0 ][ 0 ][ 0 ][ 0 ][ 0 ][ 0 ][ 0 ][-1 ][ 0 ][ 0 ][ 0 ][ 0 ][ 0 ][ 0 ][ 0 ][ 1 ][ 0 ][-1 ][ 0 ][ 0 ][ 0 ]
[ 0 ][-1 ][ 0 ][-1 ][ 0 ][ 1 ][ 0 ][ 0 ][ 0 ][ 0 ][ 0 ][-1 ][ 0 ][ 0 ][ 1 ][ 0 ][ 0 ][ 1 ][-1 ][ 0 ][ 0 ][ 0 ][ 0 ][ 0 ][ 0 ][ 0 ][ 0 ][ 0 ][ 0 ][ 0 ][ 0 ][-1 ][-1 ][ 0 ][ 1 ][ 0 ][-1 ][ 0 ][ 0 ][ 0 ][ 0 ][ 0 ][ 0 ][ 1 ][ 0 ][ 0 ][ 0 ][ 0 ][ 0 ][ 0 ][-1 ][ 0 ][ 0 ][ 0 ][ 0 ][ 1 ][ 0 ][ 0 ][ 0 ][-1 ][ 0 ][-1 ][ 0 ][ 0 ]
[ 0 ][ 0 ][ 0 ][-1 ][ 0 ][-1 ][ 0 ][ 0 ][ 0 ][ 0 ][ 0 ][ 0 ][ 0 ][ 0 ][ 0 ][ 0 ][ 0 ][ 1 ][ 0 ][-1 ][ 0 ][ 0 ][-1 ][ 0 ][ 0 ][ 0 ][ 0 ][-1 ][ 0 ][ 0 ][ 0 ][ 0 ][ 0 ][ 0 ][ 0 ][ 0 ][ 0 ][ 0 ][-1 ][-1 ][ 0 ][ 0 ][ 0 ][ 0 ][-1 ][ 1 ][ 0 ][ 0 ][ 0 ][ 0 ][ 0 ][-1 ][ 0 ][ 0 ][ 0 ][ 0 ][ 0 ][ 0 ][ 0 ][-1 ][ 0 ][-1 ][ 0 ][ 0 ]
[-1 ][ 0 ][ 0 ][ 0 ][ 1 ][ 0 ][ 0 ][ 0 ][ 0 ][ 0 ][ 1 ][ 0 ][ 0 ][-1 ][ 0 ][-1 ][ 0 ][ 0 ][ 1 ][ 1 ][ 0 ][-1 ][-1 ][ 0 ][ 0 ][ 0 ][ 0 ][ 0 ][ 0 ][ 0 ][ 0 ][ 0 ][ 0 ][-1 ][ 0 ][ 0 ][ 0 ][-1 ][-1 ][ 0 ][ 0 ][ 0 ][ 0 ][ 0 ][ 0 ][-1 ][ 0 ][ 0 ][ 0 ][ 0 ][-1 ][-1 ][ 0 ][-1 ][ 0 ][-1 ][ 0 ][ 1 ][ 0 ][ 0 ][ 0 ][ 0 ][ 0 ][ 0 ]
[ 0 ][ 0 ][-1 ][ 0 ][ 0 ][-1 ][-1 ][ 1 ][-1 ][ 0 ][ 0 ][ 0 ][ 0 ][-1 ][ 0 ][ 0 ][ 0 ][ 0 ][ 0 ][-1 ][ 1 ][ 0 ][ 0 ][-1 ][ 0 ][ 0 ][ 0 ][ 0 ][ 0 ][-1 ][ 0 ][ 0 ][ 0 ][ 0 ][ 0 ][ 0 ][ 0 ][ 0 ][-1 ][ 0 ][-1 ][ 0 ][ 0 ][ 0 ][ 0 ][ 0 ][ 0 ][ 0 ][ 0 ][ 0 ][-1 ][ 0 ][ 0 ][-1 ][ 0 ][ 1 ][ 0 ][ 0 ][ 0 ][ 0 ][ 0 ][ 0 ][ 0 ][ 0 ]
[ 0 ][ 1 ][ 0 ][ 0 ][ 0 ][-1 ][ 0 ][ 0 ][ 0 ][ 1 ][ 1 ][-1 ][ 0 ][ 0 ][ 0 ][ 0 ][ 0 ][ 0 ][ 0 ][-1 ][ 0 ][ 0 ][-1 ][-1 ][ 0 ][ 0 ][ 0 ][ 0 ][ 0 ][ 0 ][-1 ][ 0 ][ 0 ][ 0 ][ 0 ][ 0 ][ 0 ][ 0 ][ 0 ][ 0 ][ 0 ][ 0 ][ 0 ][ 0 ][-1 ][-1 ][ 0 ][-1 ][-1 ][ 0 ][ 0 ][ 0 ][ 0 ][ 0 ][-1 ][-1 ][ 1 ][ 0 ][ 0 ][-1 ][-1 ][ 0 ][ 1 ][ 0 ]
[ 1 ][ 0 ][ 0 ][ 0 ][ 0 ][ 0 ][ 0 ][ 0 ][ 0 ][ 0 ][ 0 ][ 0 ][ 0 ][-1 ][ 0 ][ 0 ][-1 ][ 0 ][-1 ][ 0 ][ 0 ][ 0 ][ 0 ][ 0 ][ 0 ][ 0 ][ 0 ][ 0 ][ 0 ][ 0 ][ 0 ][-1 ][ 0 ][ 0 ][ 0 ][ 0 ][ 0 ][ 1 ][ 0 ][ 0 ][ 0 ][ 1 ][ 1 ][ 0 ][ 0 ][ 0 ][ 0 ][ 0 ][ 0 ][ 0 ][ 0 ][ 1 ][ 0 ][ 0 ][ 0 ][ 0 ][ 0 ][ 0 ][ 0 ][ 0 ][ 0 ][-1 ][ 0 ][ 1 ]
[ 0 ][ 0 ][ 0 ][-1 ][ 0 ][-1 ][ 0 ][ 0 ][ 0 ][ 0 ][ 0 ][ 0 ][ 1 ][-1 ][ 0 ][ 0 ][ 0 ][ 0 ][ 0 ][-1 ][ 0 ][ 0 ][ 0 ][ 0 ][ 0 ][ 1 ][-1 ][-1 ][ 0 ][ 0 ][-1 ][ 1 ][ 0 ][ 0 ][-1 ][ 0 ][ 0 ][-1 ][ 0 ][-1 ][ 0 ][ 0 ][ 0 ][-1 ][ 0 ][ 0 ][ 0 ][ 0 ][ 0 ][ 0 ][ 1 ][ 0 ][ 0 ][ 0 ][ 0 ][-1 ][ 0 ][ 0 ][-1 ][-1 ][-1 ][ 0 ][ 0 ][ 0 ]
[-1 ][ 0 ][ 0 ][ 0 ][ 0 ][ 0 ][-1 ][ 0 ][ 0 ][ 0 ][-1 ][ 0 ][ 0 ][ 0 ][-1 ][ 0 ][ 0 ][-1 ][ 0 ][-1 ][ 0 ][ 0 ][ 0 ][ 0 ][ 0 ][-1 ][ 0 ][ 0 ][ 0 ][ 0 ][ 0 ][ 0 ][ 0 ][ 0 ][ 0 ][ 0 ][ 0 ][ 0 ][ 0 ][ 0 ][ 0 ][ 0 ][-1 ][ 0 ][-1 ][ 1 ][ 0 ][ 0 ][ 0 ][ 0 ][ 0 ][-1 ][ 0 ][ 0 ][ 0 ][ 0 ][ 0 ][ 0 ][ 0 ][ 0 ][ 0 ][-1 ][ 0 ][ 0 ]
[ 0 ][ 0 ][ 0 ][ 0 ][-1 ][ 0 ][ 0 ][ 0 ][ 0 ][ 1 ][ 0 ][-1 ][ 0 ][ 0 ][ 0 ][ 0 ][ 0 ][ 0 ][ 1 ][ 0 ][ 0 ][-1 ][-1 ][ 0 ][ 0 ][-1 ][ 0 ][ 0 ][-1 ][ 0 ][ 0 ][ 0 ][ 0 ][ 0 ][ 0 ][ 0 ][ 0 ][ 0 ][ 0 ][-1 ][ 0 ][ 1 ][-1 ][ 0 ][ 0 ][ 0 ][ 0 ][-1 ][ 0 ][ 0 ][ 0 ][ 0 ][ 0 ][ 1 ][ 0 ][-1 ][ 0 ][-1 ][-1 ][ 0 ][ 0 ][ 0 ][ 0 ][ 0 ]
[ 0 ][ 0 ][ 0 ][ 0 ][-1 ][ 0 ][ 0 ][ 0 ][ 0 ][ 0 ][ 0 ][ 0 ][-1 ][ 0 ][ 0 ][ 0 ][ 0 ][ 0 ][ 0 ][ 0 ][ 0 ][ 0 ][ 0 ][ 0 ][ 1 ][ 0 ][ 0 ][ 0 ][ 0 ][ 0 ][-1 ][ 1 ][ 0 ][ 0 ][ 0 ][ 0 ][ 0 ][ 0 ][ 0 ][ 0 ][ 0 ][-1 ][ 0 ][ 0 ][-1 ][ 0 ][ 0 ][ 0 ][ 0 ][ 0 ][ 0 ][ 1 ][ 0 ][-1 ][ 1 ][ 0 ][ 0 ][ 0 ][ 0 ][ 0 ][ 0 ][ 0 ][ 0 ][-1 ]
[ 0 ][ 0 ][ 0 ][ 0 ][ 0 ][-1 ][ 0 ][ 0 ][ 0 ][ 0 ][ 0 ][ 0 ][ 0 ][-1 ][ 0 ][ 0 ][-1 ][-1 ][ 0 ][-1 ][ 0 ][ 0 ][ 0 ][ 0 ][ 0 ][ 0 ][ 0 ][ 0 ][ 0 ][ 0 ][ 0 ][ 0 ][ 0 ][ 0 ][-1 ][ 0 ][ 0 ][ 0 ][ 0 ][ 0 ][ 0 ][ 0 ][ 0 ][-1 ][ 0 ][ 0 ][ 0 ][-1 ][ 0 ][-1 ][ 0 ][ 0 ][-1 ][ 0 ][ 0 ][-1 ][ 0 ][ 1 ][ 0 ][ 0 ][ 0 ][ 0 ][ 0 ][ 0 ]
[ 0 ][ 0 ][ 0 ][-1 ][ 0 ][-1 ][ 0 ][ 0 ][ 0 ][-1 ][ 0 ][ 0 ][ 1 ][ 0 ][ 0 ][ 0 ][-1 ][-1 ][-1 ][ 0 ][-1 ][ 0 ][ 0 ][-1 ][ 0 ][ 0 ][ 0 ][ 1 ][ 0 ][ 0 ][-1 ][ 0 ][ 0 ][ 0 ][-1 ][ 0 ][-1 ][-1 ][ 0 ][ 0 ][ 0 ][ 1 ][ 0 ][ 0 ][ 0 ][ 1 ][ 0 ][ 0 ][-1 ][ 0 ][ 0 ][ 0 ][ 0 ][ 0 ][ 0 ][ 0 ][ 0 ][ 0 ][-1 ][ 0 ][-1 ][ 0 ][ 0 ][ 0 ]
[-1 ][-1 ][ 0 ][ 0 ][ 0 ][ 0 ][ 0 ][-1 ][-1 ][ 0 ][-1 ][-1 ][ 0 ][ 0 ][ 0 ][-1 ][ 0 ][-1 ][-1 ][ 0 ][ 0 ][ 0 ][-1 ][ 0 ][ 0 ][ 0 ][ 0 ][ 0 ][ 1 ][ 0 ][ 0 ][ 0 ][ 1 ][ 0 ][ 0 ][-1 ][ 0 ][-1 ][ 0 ][ 0 ][ 0 ][ 0 ][ 0 ][ 1 ][ 0 ][ 0 ][ 0 ][-1 ][ 0 ][ 0 ][ 0 ][ 0 ][ 0 ][ 1 ][ 1 ][ 0 ][ 0 ][-1 ][-1 ][ 0 ][-1 ][ 0 ][ 0 ][-1 ]
[ 0 ][ 0 ][ 0 ][ 0 ][ 0 ][ 0 ][ 0 ][ 0 ][ 1 ][-1 ][ 0 ][-1 ][ 0 ][ 0 ][ 0 ][ 1 ][-1 ][ 0 ][ 0 ][ 0 ][ 0 ][ 0 ][ 0 ][ 0 ][-1 ][ 0 ][ 0 ][ 0 ][ 1 ][ 1 ][ 1 ][-1 ][ 0 ][ 0 ][-1 ][ 0 ][-1 ][ 0 ][ 0 ][ 0 ][ 0 ][ 1 ][ 0 ][-1 ][ 0 ][ 0 ][ 1 ][ 0 ][ 1 ][ 1 ][ 0 ][ 0 ][ 0 ][ 0 ][ 0 ][ 0 ][-1 ][ 0 ][-1 ][-1 ][ 0 ][ 0 ][ 0 ][ 0 ]
[ 0 ][-1 ][ 0 ][ 0 ][ 0 ][ 1 ][ 0 ][ 0 ][-1 ][ 0 ][-1 ][ 0 ][ 0 ][ 0 ][ 0 ][ 0 ][ 0 ][-1 ][ 0 ][ 0 ][ 1 ][ 0 ][ 0 ][ 0 ][ 0 ][ 0 ][ 0 ][ 0 ][ 0 ][ 0 ][ 0 ][ 0 ][ 0 ][ 0 ][ 0 ][ 0 ][ 0 ][ 0 ][ 0 ][-1 ][ 0 ][ 0 ][-1 ][ 0 ][ 0 ][ 0 ][ 0 ][ 0 ][-1 ][ 0 ][-1 ][ 0 ][-1 ][-1 ][ 0 ][ 0 ][ 0 ][ 0 ][ 0 ][ 0 ][ 0 ][ 0 ][ 0 ][ 0 ]
[ 0 ][-1 ][ 0 ][ 0 ][ 0 ][ 1 ][-1 ][ 0 ][ 0 ][ 0 ][-1 ][ 0 ][ 0 ][ 0 ][ 0 ][ 0 ][ 0 ][ 0 ][ 0 ][ 0 ][-1 ][ 0 ][ 0 ][ 0 ][ 0 ][ 0 ][ 0 ][ 0 ][ 0 ][ 0 ][ 0 ][ 0 ][ 0 ][ 1 ][ 0 ][ 0 ][ 0 ][ 0 ][-1 ][ 0 ][-1 ][-1 ][ 1 ][ 0 ][ 0 ][ 0 ][ 0 ][ 0 ][-1 ][ 0 ][ 0 ][ 0 ][ 1 ][ 0 ][-1 ][ 0 ][ 0 ][ 0 ][ 0 ][-1 ][ 1 ][ 0 ][ 1 ][-1 ]
[ 0 ][ 0 ][ 0 ][ 0 ][-1 ][ 0 ][ 0 ][ 0 ][ 0 ][ 0 ][-1 ][ 0 ][ 0 ][ 0 ][ 0 ][ 0 ][-1 ][ 0 ][-1 ][ 0 ][ 1 ][ 0 ][ 1 ][ 0 ][-1 ][ 0 ][ 0 ][ 0 ][ 0 ][ 0 ][ 0 ][ 0 ][ 0 ][ 0 ][ 0 ][ 0 ][ 0 ][ 0 ][-1 ][ 0 ][-1 ][ 0 ][ 0 ][ 0 ][ 0 ][ 0 ][ 0 ][ 0 ][ 0 ][-1 ][-1 ][ 0 ][ 1 ][ 0 ][ 0 ][ 0 ][ 0 ][ 0 ][ 0 ][ 0 ][-1 ][ 0 ][ 0 ][-1 ]
[ 0 ][ 0 ][ 0 ][ 0 ][ 0 ][ 0 ][ 0 ][ 0 ][ 0 ][ 0 ][ 0 ][-1 ][ 0 ][ 0 ][ 0 ][ 0 ][ 0 ][ 1 ][-1 ][ 0 ][ 0 ][ 0 ][ 0 ][ 0 ][ 0 ][ 0 ][ 0 ][ 0 ][-1 ][ 0 ][-1 ][ 0 ][-1 ][ 0 ][-1 ][-1 ][ 0 ][ 0 ][-1 ][ 0 ][ 0 ][-1 ][ 0 ][ 0 ][ 0 ][ 0 ][ 0 ][ 0 ][ 0 ][ 0 ][-1 ][-1 ][ 0 ][-1 ][-1 ][ 0 ][ 0 ][ 0 ][-1 ][ 0 ][ 0 ][ 0 ][ 0 ][-1 ]
[ 0 ][ 0 ][ 0 ][ 0 ][-1 ][ 0 ][-1 ][ 0 ][ 0 ][ 0 ][-1 ][ 0 ][ 0 ][-1 ][ 0 ][-1 ][ 0 ][ 0 ][ 0 ][ 0 ][ 0 ][ 0 ][-1 ][ 0 ][ 0 ][ 0 ][ 0 ][-1 ][ 0 ][ 1 ][ 0 ][-1 ][ 0 ][-1 ][ 0 ][-1 ][ 0 ][ 0 ][ 0 ][ 0 ][-1 ][ 0 ][ 0 ][ 0 ][ 0 ][ 0 ][-1 ][ 0 ][ 0 ][ 0 ][ 0 ][-1 ][ 1 ][ 0 ][ 0 ][ 0 ][ 0 ][ 0 ][ 0 ][ 0 ][ 0 ][-1 ][ 0 ][ 0 ]
[ 0 ][ 0 ][-1 ][ 0 ][ 0 ][-1 ][ 0 ][ 0 ][ 0 ][-1 ][-1 ][ 0 ][ 0 ][ 0 ][ 0 ][ 0 ][ 0 ][-1 ][ 0 ][ 0 ][ 0 ][ 0 ][ 0 ][ 0 ][ 0 ][ 0 ][ 0 ][ 0 ][ 0 ][ 0 ][-1 ][ 0 ][ 0 ][ 0 ][ 0 ][-1 ][ 0 ][ 0 ][ 0 ][ 0 ][-1 ][ 0 ][ 0 ][-1 ][ 0 ][ 0 ][-1 ][ 0 ][ 0 ][-1 ][ 0 ][ 0 ][ 1 ][ 0 ][ 0 ][ 0 ][ 0 ][-1 ][ 0 ][ 0 ][ 0 ][-1 ][ 0 ][ 0 ]
[-1 ][-1 ][ 0 ][ 1 ][ 0 ][ 0 ][ 0 ][-1 ][ 0 ][-1 ][ 0 ][ 0 ][ 0 ][ 0 ][ 0 ][ 0 ][ 0 ][ 0 ][ 0 ][ 0 ][ 0 ][ 0 ][-1 ][ 0 ][ 0 ][ 0 ][ 0 ][ 0 ][ 0 ][ 0 ][ 0 ][ 0 ][ 0 ][-1 ][ 0 ][-1 ][ 0 ][ 0 ][ 0 ][ 0 ][ 0 ][ 0 ][ 0 ][ 0 ][ 1 ][-1 ][ 0 ][ 0 ][ 0 ][ 0 ][ 0 ][ 0 ][ 0 ][ 0 ][ 0 ][ 0 ][ 0 ][ 0 ][ 0 ][ 0 ][ 0 ][ 0 ][ 0 ][ 0 ]
[ 0 ][ 1 ][ 0 ][ 0 ][-1 ][ 0 ][ 0 ][ 0 ][ 0 ][ 0 ][ 0 ][ 0 ][ 0 ][-1 ][ 0 ][ 0 ][ 0 ][ 0 ][-1 ][ 1 ][ 0 ][ 0 ][ 0 ][ 0 ][ 0 ][ 0 ][ 1 ][ 0 ][ 0 ][ 0 ][ 1 ][ 0 ][-1 ][-1 ][ 0 ][ 0 ][ 0 ][ 0 ][ 0 ][-1 ][ 0 ][ 0 ][ 0 ][ 0 ][ 0 ][ 0 ][ 0 ][ 0 ][ 0 ][ 0 ][ 0 ][ 0 ][-1 ][-1 ][-1 ][ 0 ][ 1 ][ 0 ][-1 ][ 1 ][ 0 ][ 0 ][ 1 ][ 0 ]
[ 0 ][ 0 ][-1 ][ 0 ][ 0 ][ 0 ][-1 ][-1 ][ 0 ][ 0 ][ 0 ][ 0 ][ 0 ][ 0 ][ 0 ][ 0 ][ 0 ][-1 ][-1 ][ 0 ][-1 ][ 0 ][-1 ][ 0 ][-1 ][-1 ][ 0 ][ 0 ][ 0 ][-1 ][ 0 ][-1 ][ 0 ][-1 ][ 0 ][-1 ][ 1 ][ 0 ][-1 ][ 0 ][ 0 ][ 0 ][ 0 ][ 0 ][ 0 ][ 0 ][ 0 ][-1 ][ 0 ][ 0 ][ 0 ][ 0 ][-1 ][-1 ][ 0 ][ 0 ][ 0 ][ 0 ][ 0 ][ 1 ][ 0 ][ 0 ][-1 ][-1 ]
[ 0 ][ 0 ][ 0 ][ 0 ][-1 ][ 0 ][ 0 ][ 1 ][ 0 ][ 0 ][ 0 ][ 0 ][ 0 ][ 0 ][ 0 ][ 0 ][ 0 ][ 0 ][ 0 ][ 0 ][ 0 ][ 0 ][ 0 ][ 0 ][ 0 ][-1 ][-1 ][ 0 ][ 0 ][ 0 ][ 0 ][ 1 ][ 0 ][ 0 ][-1 ][ 0 ][ 0 ][ 0 ][-1 ][ 0 ][ 0 ][ 0 ][ 0 ][ 0 ][ 0 ][-1 ][ 0 ][ 0 ][ 0 ][ 1 ][ 0 ][ 0 ][ 0 ][ 1 ][ 0 ][ 1 ][ 0 ][ 1 ][ 0 ][ 0 ][ 0 ][ 0 ][ 0 ][ 0 ]
[ 0 ][ 0 ][ 0 ][-1 ][ 0 ][ 0 ][-1 ][ 0 ][ 0 ][ 0 ][ 0 ][-1 ][ 0 ][ 0 ][ 1 ][-1 ][ 0 ][-1 ][ 0 ][ 0 ][ 0 ][ 0 ][ 0 ][-1 ][-1 ][-1 ][ 0 ][ 1 ][ 0 ][ 0 ][ 0 ][ 0 ][ 0 ][ 0 ][-1 ][ 0 ][ 0 ][ 0 ][ 0 ][ 0 ][-1 ][ 0 ][ 0 ][ 0 ][ 0 ][ 0 ][ 0 ][ 0 ][ 0 ][ 0 ][ 0 ][ 0 ][ 0 ][ 0 ][ 0 ][ 1 ][ 0 ][ 0 ][ 0 ][ 0 ][ 0 ][ 1 ][ 0 ][ 0 ]
[ 0 ][ 0 ][ 0 ][-1 ][ 0 ][ 0 ][ 0 ][ 1 ][ 0 ][ 0 ][ 0 ][ 0 ][ 0 ][ 0 ][ 0 ][ 0 ][ 0 ][ 0 ][ 1 ][ 0 ][ 0 ][ 0 ][-1 ][ 0 ][ 0 ][ 1 ][ 0 ][-1 ][-1 ][ 0 ][-1 ][ 0 ][ 0 ][ 0 ][ 0 ][ 0 ][ 0 ][ 1 ][ 0 ][ 0 ][-1 ][ 0 ][ 0 ][ 0 ][ 0 ][ 0 ][ 0 ][ 0 ][ 0 ][ 0 ][-1 ][ 0 ][-1 ][ 0 ][ 0 ][ 1 ][ 1 ][-1 ][ 0 ][ 0 ][ 0 ][-1 ][ 0 ][ 0 ]
[-1 ][ 0 ][-1 ][ 0 ][ 0 ][ 0 ][ 0 ][-1 ][-1 ][ 0 ][ 0 ][ 1 ][ 0 ][ 0 ][ 0 ][-1 ][ 0 ][ 0 ][ 0 ][ 0 ][ 0 ][ 1 ][ 0 ][ 0 ][ 0 ][ 0 ][ 0 ][ 0 ][-1 ][ 0 ][ 1 ][ 0 ][-1 ][ 0 ][ 1 ][ 0 ][ 0 ][-1 ][ 0 ][ 0 ][ 0 ][ 0 ][ 0 ][ 0 ][ 0 ][ 0 ][-1 ][ 0 ][-1 ][ 0 ][ 0 ][ 0 ][-1 ][ 0 ][ 0 ][-1 ][ 0 ][ 0 ][ 0 ][ 1 ][ 0 ][ 1 ][ 0 ][ 0 ]
[ 1 ][ 0 ][ 0 ][ 0 ][ 1 ][ 0 ][ 0 ][ 0 ][ 0 ][ 0 ][ 0 ][ 0 ][ 0 ][-1 ][ 0 ][ 1 ][-1 ][ 0 ][ 0 ][ 0 ][-1 ][ 0 ][ 0 ][ 0 ][ 0 ][ 0 ][ 0 ][ 0 ][ 0 ][ 0 ][ 0 ][-1 ][ 0 ][ 1 ][ 0 ][ 0 ][ 0 ][ 0 ][ 0 ][ 0 ][-1 ][-1 ][ 0 ][ 0 ][ 0 ][ 0 ][ 0 ][ 0 ][-1 ][-1 ][ 0 ][ 0 ][ 0 ][ 0 ][-1 ][ 0 ][-1 ][ 0 ][ 0 ][ 0 ][-1 ][ 0 ][-1 ][ 0 ]
[ 0 ][ 0 ][ 0 ][ 0 ][ 0 ][ 0 ][ 0 ][ 0 ][ 0 ][-1 ][ 0 ][-1 ][ 0 ][ 0 ][ 0 ][-1 ][ 0 ][ 0 ][ 0 ][ 0 ][ 0 ][ 0 ][ 1 ][ 0 ][-1 ][-1 ][ 1 ][ 0 ][ 0 ][ 0 ][ 0 ][-1 ][ 0 ][ 0 ][-1 ][ 0 ][ 0 ][ 0 ][ 0 ][ 0 ][ 0 ][ 0 ][ 1 ][-1 ][ 0 ][ 0 ][ 0 ][ 1 ][ 0 ][ 0 ][-1 ][-1 ][ 0 ][-1 ][ 0 ][ 0 ][ 0 ][ 0 ][ 0 ][ 0 ][ 0 ][ 0 ][ 0 ][ 0 ]
[ 0 ][ 0 ][ 0 ][ 0 ][ 0 ][ 0 ][-1 ][-1 ][ 0 ][ 0 ][ 1 ][ 0 ][ 0 ][ 0 ][ 0 ][ 0 ][ 0 ][ 0 ][ 0 ][ 0 ][ 0 ][ 0 ][ 0 ][ 0 ][ 0 ][ 0 ][ 0 ][-1 ][ 0 ][ 0 ][-1 ][-1 ][ 0 ][ 0 ][ 1 ][-1 ][ 0 ][ 0 ][-1 ][ 0 ][ 0 ][ 0 ][ 0 ][ 1 ][ 0 ][ 0 ][ 0 ][-1 ][ 0 ][ 1 ][ 0 ][ 0 ][ 0 ][ 0 ][ 0 ][-1 ][ 0 ][ 0 ][ 0 ][ 0 ][-1 ][ 0 ][ 0 ][ 1 ]
[-1 ][ 0 ][ 0 ][ 0 ][-1 ][-1 ][ 0 ][ 0 ][-1 ][ 0 ][ 0 ][ 0 ][ 0 ][ 0 ][ 0 ][ 0 ][-1 ][ 0 ][-1 ][ 0 ][ 0 ][ 0 ][ 0 ][ 1 ][ 0 ][ 0 ][ 0 ][ 0 ][ 0 ][-1 ][ 0 ][ 0 ][ 0 ][ 0 ][ 0 ][ 0 ][ 0 ][ 0 ][ 0 ][ 0 ][ 0 ][ 0 ][ 0 ][-1 ][ 0 ][-1 ][ 0 ][ 0 ][ 0 ][ 0 ][ 0 ][ 0 ][ 0 ][ 0 ][ 0 ][ 0 ][ 0 ][ 1 ][ 0 ][ 0 ][ 0 ][ 0 ][ 0 ][ 1 ]
[-1 ][ 0 ][ 0 ][ 0 ][ 0 ][ 0 ][ 0 ][-1 ][ 0 ][ 0 ][-1 ][ 1 ][ 0 ][ 0 ][ 0 ][ 0 ][-1 ][-1 ][ 0 ][ 0 ][ 0 ][-1 ][ 0 ][ 0 ][ 0 ][-1 ][ 0 ][ 0 ][ 0 ][ 1 ][ 0 ][ 0 ][ 0 ][ 0 ][-1 ][-1 ][-1 ][ 0 ][ 0 ][ 0 ][ 0 ][-1 ][ 0 ][ 0 ][ 0 ][ 0 ][ 0 ][-1 ][ 1 ][ 1 ][ 0 ][ 0 ][ 0 ][ 0 ][ 0 ][ 0 ][ 0 ][-1 ][ 0 ][ 0 ][-1 ][ 0 ][ 0 ][ 0 ]
[ 0 ][ 0 ][ 0 ][ 0 ][ 0 ][ 0 ][ 0 ][ 0 ][ 0 ][ 0 ][ 0 ][ 1 ][ 0 ][ 0 ][ 0 ][ 0 ][ 0 ][ 0 ][ 0 ][-1 ][ 0 ][ 0 ][ 0 ][ 1 ][ 0 ][-1 ][ 0 ][ 0 ][ 0 ][ 0 ][ 0 ][ 1 ][ 0 ][ 0 ][ 0 ][ 0 ][ 0 ][ 0 ][ 0 ][ 0 ][ 0 ][-1 ][ 0 ][ 0 ][ 0 ][ 0 ][ 0 ][ 0 ][ 0 ][ 0 ][ 0 ][ 0 ][ 0 ][ 0 ][ 0 ][ 0 ][ 0 ][-1 ][ 0 ][ 0 ][ 0 ][ 0 ][ 0 ][ 0 ]
[ 1 ][-1 ][ 0 ][ 0 ][ 0 ][ 0 ][ 0 ][ 0 ][ 0 ][-1 ][-1 ][ 1 ][ 0 ][-1 ][-1 ][ 0 ][-1 ][-1 ][ 0 ][ 0 ][ 0 ][ 0 ][ 0 ][ 0 ][-1 ][ 0 ][ 0 ][ 0 ][ 1 ][ 0 ][ 0 ][-1 ][ 0 ][ 0 ][ 0 ][ 0 ][-1 ][ 0 ][ 0 ][ 0 ][ 0 ][-1 ][ 0 ][ 0 ][-1 ][ 0 ][-1 ][ 0 ][ 0 ][ 0 ][ 0 ][ 0 ][ 0 ][ 0 ][ 0 ][-1 ][ 0 ][-1 ][-1 ][ 0 ][ 0 ][-1 ][ 0 ][ 0 ]
[ 0 ][-1 ][ 0 ][ 1 ][-1 ][ 0 ][ 0 ][ 0 ][-1 ][ 0 ][ 0 ][ 0 ][-1 ][-1 ][ 0 ][ 0 ][ 0 ][ 1 ][ 0 ][-1 ][ 0 ][ 0 ][ 0 ][ 0 ][ 0 ][ 0 ][ 0 ][ 0 ][ 0 ][ 0 ][-1 ][-1 ][ 1 ][ 0 ][-1 ][ 0 ][ 0 ][ 0 ][ 0 ][ 0 ][ 0 ][ 0 ][-1 ][ 0 ][ 0 ][-1 ][ 0 ][ 0 ][ 0 ][ 0 ][ 0 ][ 0 ][ 0 ][ 0 ][ 0 ][ 0 ][ 0 ][ 0 ][ 0 ][-1 ][ 0 ][ 0 ][ 0 ][ 0 ]
[ 0 ][ 1 ][-1 ][ 0 ][-1 ][ 0 ][ 0 ][ 0 ][ 1 ][ 0 ][-1 ][ 0 ][ 0 ][ 0 ][ 0 ][ 0 ][ 0 ][ 0 ][ 0 ][ 0 ][-1 ][ 0 ][ 0 ][ 0 ][-1 ][ 0 ][-1 ][ 0 ][ 0 ][ 0 ][ 0 ][ 0 ][ 0 ][ 0 ][ 0 ][ 0 ][ 0 ][-1 ][ 0 ][ 0 ][-1 ][-1 ][-1 ][ 0 ][ 0 ][ 0 ][-1 ][ 0 ][ 0 ][ 0 ][ 0 ][ 1 ][ 0 ][ 0 ][-1 ][ 0 ][ 0 ][ 0 ][ 0 ][ 0 ][ 0 ][ 0 ][ 0 ][ 0 ]
[ 0 ][ 0 ][ 0 ][ 0 ][ 0 ][-1 ][-1 ][ 0 ][ 0 ][ 0 ][ 1 ][ 0 ][ 0 ][ 0 ][ 0 ][ 0 ][-1 ][ 0 ][ 0 ][ 0 ][ 0 ][-1 ][ 0 ][-1 ][ 0 ][-1 ][ 0 ][ 0 ][ 0 ][ 0 ][-1 ][ 0 ][ 0 ][ 1 ][ 0 ][ 0 ][ 0 ][ 0 ][ 0 ][ 0 ][ 0 ][ 0 ][-1 ][ 0 ][ 0 ][ 0 ][ 0 ][-1 ][ 0 ][ 0 ][ 0 ][ 1 ][ 0 ][ 1 ][ 0 ][ 0 ][ 0 ][-1 ][ 0 ][ 0 ][ 0 ][ 0 ][ 0 ][ 0 ]
[ 0 ][ 0 ][ 0 ][ 0 ][ 0 ][ 0 ][ 0 ][ 0 ][ 0 ][ 0 ][ 0 ][ 0 ][ 0 ][ 0 ][-1 ][ 0 ][ 0 ][ 0 ][ 0 ][ 0 ][ 0 ][ 0 ][ 1 ][ 0 ][ 0 ][ 0 ][ 0 ][ 0 ][ 0 ][ 0 ][ 0 ][ 0 ][ 0 ][ 0 ][ 0 ][-1 ][ 0 ][ 1 ][ 0 ][ 1 ][ 0 ][-1 ][ 0 ][ 0 ][ 0 ][ 0 ][ 0 ][ 0 ][ 0 ][ 0 ][ 0 ][ 0 ][ 0 ][ 0 ][-1 ][-1 ][-1 ][ 0 ][ 0 ][ 0 ][ 0 ][ 0 ][-1 ][ 0 ]
[-1 ][-1 ][ 1 ][ 0 ][ 0 ][-1 ][ 0 ][ 0 ][ 0 ][ 0 ][ 0 ][-1 ][ 0 ][ 0 ][ 0 ][ 0 ][ 1 ][ 0 ][ 0 ][-1 ][ 0 ][-1 ][ 0 ][-1 ][ 0 ][-1 ][ 0 ][-1 ][ 0 ][-1 ][ 0 ][ 0 ][ 0 ][ 0 ][ 0 ][ 0 ][ 1 ][ 1 ][-1 ][-1 ][ 0 ][ 1 ][-1 ][ 0 ][ 0 ][ 0 ][ 0 ][-1 ][-1 ][ 0 ][ 0 ][ 1 ][ 0 ][ 0 ][ 0 ][ 0 ][-1 ][ 0 ][ 0 ][-1 ][ 0 ][ 0 ][ 0 ][ 0 ]
[ 0 ][ 0 ][ 0 ][ 0 ][ 0 ][ 0 ][ 0 ][ 0 ][ 0 ][ 0 ][ 0 ][ 1 ][ 0 ][ 0 ][ 0 ][ 0 ][-1 ][-1 ][ 0 ][ 0 ][ 0 ][ 0 ][ 0 ][ 0 ][ 0 ][-1 ][ 0 ][ 0 ][-1 ][-1 ][ 0 ][ 0 ][ 0 ][ 0 ][ 1 ][ 0 ][ 0 ][ 0 ][ 0 ][ 0 ][ 0 ][ 1 ][ 0 ][ 0 ][ 0 ][ 0 ][ 0 ][-1 ][ 0 ][ 0 ][-1 ][ 0 ][ 0 ][ 0 ][ 0 ][-1 ][ 0 ][ 0 ][-1 ][ 1 ][-1 ][ 0 ][ 0 ][ 0 ]
[ 0 ][-1 ][ 0 ][ 0 ][ 0 ][ 0 ][ 0 ][ 0 ][ 0 ][ 0 ][ 0 ][-1 ][ 0 ][ 0 ][ 0 ][ 0 ][-1 ][ 0 ][ 1 ][-1 ][ 1 ][ 0 ][ 0 ][ 0 ][-1 ][-1 ][-1 ][ 0 ][ 0 ][ 0 ][ 0 ][-1 ][ 0 ][ 0 ][ 0 ][ 0 ][ 0 ][ 0 ][ 0 ][ 0 ][ 0 ][ 0 ][ 0 ][ 0 ][-1 ][ 0 ][-1 ][ 0 ][ 0 ][ 0 ][ 0 ][ 0 ][ 0 ][ 0 ][ 0 ][ 0 ][ 0 ][ 0 ][ 0 ][ 0 ][ 0 ][-1 ][ 0 ][ 0 ]
[-1 ][-1 ][ 0 ][ 0 ][ 0 ][ 0 ][ 0 ][-1 ][ 0 ][ 0 ][ 0 ][ 0 ][ 0 ][ 0 ][ 0 ][ 1 ][ 0 ][-1 ][ 1 ][ 0 ][ 0 ][-1 ][-1 ][ 0 ][ 0 ][ 0 ][ 1 ][ 0 ][ 0 ][-1 ][ 1 ][ 0 ][ 0 ][-1 ][-1 ][-1 ][ 0 ][ 0 ][ 0 ][ 0 ][ 0 ][ 0 ][ 0 ][ 0 ][ 0 ][ 0 ][-1 ][ 0 ][ 0 ][ 0 ][ 0 ][-1 ][ 0 ][ 0 ][-1 ][ 0 ][ 0 ][ 0 ][ 0 ][ 0 ][ 0 ][ 0 ][ 0 ][ 0 ]
[ 1 ][ 0 ][ 0 ][ 0 ][ 0 ][ 0 ][ 0 ][-1 ][ 0 ][ 0 ][ 0 ][ 0 ][ 0 ][ 0 ][ 0 ][ 0 ][ 0 ][ 0 ][ 0 ][ 0 ][ 0 ][-1 ][ 0 ][ 0 ][-1 ][ 1 ][ 0 ][-1 ][ 0 ][ 0 ][-1 ][ 0 ][ 0 ][-1 ][ 0 ][ 0 ][ 0 ][ 0 ][ 0 ][ 0 ][ 0 ][ 0 ][-1 ][ 0 ][ 0 ][ 0 ][ 0 ][-1 ][ 1 ][ 0 ][ 0 ][ 1 ][ 0 ][ 0 ][ 0 ][ 0 ][-1 ][ 0 ][-1 ][ 0 ][ 0 ][ 1 ][ 0 ][ 0 ]
[ 0 ][ 0 ][-1 ][ 0 ][ 0 ][ 0 ][ 0 ][ 0 ][-1 ][ 0 ][ 0 ][-1 ][ 1 ][ 0 ][-1 ][ 0 ][-1 ][-1 ][ 0 ][ 0 ][ 1 ][ 0 ][-1 ][ 1 ][ 0 ][ 0 ][ 0 ][ 0 ][ 0 ][ 0 ][ 0 ][-1 ][ 0 ][-1 ][ 0 ][ 0 ][ 0 ][-1 ][ 0 ][ 0 ][ 0 ][-1 ][-1 ][-1 ][ 0 ][ 0 ][ 0 ][-1 ][ 0 ][-1 ][ 0 ][ 0 ][ 0 ][ 0 ][-1 ][ 0 ][ 0 ][ 0 ][ 0 ][ 0 ][ 0 ][ 0 ][ 0 ][ 0 ]
[ 0 ][-1 ][-1 ][ 0 ][ 0 ][ 0 ][ 0 ][ 0 ][ 0 ][ 0 ][ 0 ][ 1 ][ 0 ][ 0 ][ 0 ][ 0 ][-1 ][-1 ][ 0 ][-1 ][-1 ][ 0 ][ 0 ][ 0 ][-1 ][ 0 ][-1 ][ 0 ][ 0 ][ 0 ][ 0 ][ 0 ][ 0 ][-1 ][-1 ][-1 ][ 0 ][ 0 ][ 0 ][ 0 ][ 0 ][ 0 ][ 0 ][ 0 ][ 0 ][ 0 ][ 1 ][ 0 ][ 0 ][ 0 ][-1 ][ 0 ][-1 ][-1 ][ 1 ][ 0 ][ 0 ][ 0 ][ 0 ][ 0 ][-1 ][ 0 ][ 0 ][ 0 ]
[ 1 ][ 0 ][ 0 ][ 0 ][ 1 ][ 0 ][ 0 ][ 0 ][ 0 ][ 0 ][ 0 ][ 0 ][-1 ][ 0 ][ 0 ][-1 ][ 0 ][-1 ][ 1 ][ 0 ][ 0 ][-1 ][ 0 ][ 0 ][ 0 ][ 0 ][-1 ][ 0 ][ 0 ][ 0 ][ 0 ][ 0 ][ 0 ][ 0 ][ 0 ][ 1 ][ 0 ][ 0 ][-1 ][ 0 ][ 0 ][ 0 ][ 0 ][-1 ][ 0 ][ 0 ][ 0 ][ 0 ][ 0 ][ 1 ][ 0 ][ 0 ][ 0 ][ 0 ][ 0 ][ 0 ][-1 ][ 0 ][ 0 ][ 0 ][ 0 ][-1 ][ 0 ][ 0 ]
[ 0 ][ 0 ][ 0 ][ 0 ][ 0 ][-1 ][ 0 ][ 0 ][-1 ][ 0 ][ 0 ][ 1 ][ 0 ][-1 ][ 0 ][-1 ][-1 ][ 1 ][-1 ][ 0 ][ 0 ][ 0 ][-1 ][ 0 ][ 1 ][ 0 ][-1 ][-1 ][ 0 ][ 0 ][ 0 ][-1 ][ 0 ][-1 ][ 0 ][ 0 ][ 0 ][ 0 ][ 0 ][ 0 ][ 0 ][ 0 ][-1 ][-1 ][ 0 ][ 0 ][ 0 ][ 0 ][ 0 ][ 0 ][ 0 ][ 0 ][-1 ][ 0 ][ 0 ][-1 ][-1 ][-1 ][ 0 ][ 0 ][ 1 ][ 0 ][-1 ][ 0 ]
[-1 ][ 0 ][ 1 ][ 0 ][ 0 ][ 0 ][ 0 ][ 0 ][-1 ][ 0 ][ 0 ][ 0 ][ 1 ][ 0 ][ 0 ][ 1 ][ 0 ][-1 ][ 0 ][ 1 ][-1 ][ 0 ][ 0 ][ 0 ][ 0 ][-1 ][ 0 ][-1 ][-1 ][ 0 ][-1 ][-1 ][-1 ][-1 ][ 0 ][ 0 ][ 0 ][ 1 ][-1 ][ 0 ][ 0 ][ 0 ][ 0 ][ 0 ][ 0 ][ 0 ][ 0 ][-1 ][ 0 ][ 0 ][ 0 ][-1 ][ 0 ][ 0 ][-1 ][ 0 ][ 0 ][ 0 ][ 0 ][ 0 ][-1 ][ 0 ][-1 ][ 1 ]
[ 0 ][ 0 ][-1 ][ 0 ][ 0 ][-1 ][ 0 ][ 1 ][ 0 ][ 0 ][-1 ][ 0 ][ 0 ][-1 ][ 0 ][-1 ][ 0 ][-1 ][ 0 ][ 0 ][ 0 ][ 0 ][ 0 ][ 0 ][-1 ][ 0 ][-1 ][ 0 ][ 0 ][ 0 ][-1 ][ 0 ][ 0 ][ 0 ][-1 ][ 0 ][ 0 ][ 0 ][-1 ][ 0 ][-1 ][ 0 ][ 0 ][ 0 ][ 0 ][ 0 ][ 0 ][ 0 ][-1 ][ 0 ][ 0 ][ 0 ][ 0 ][ 0 ][ 0 ][ 0 ][-1 ][ 0 ][ 0 ][-1 ][ 0 ][ 1 ][ 1 ][ 0 ]
[-1 ][ 0 ][ 0 ][ 0 ][ 0 ][ 0 ][ 0 ][ 0 ][ 0 ][ 0 ][ 0 ][ 0 ][ 0 ][-1 ][ 0 ][ 0 ][ 0 ][-1 ][ 0 ][ 1 ][ 0 ][ 0 ][ 1 ][ 0 ][ 0 ][ 0 ][ 0 ][ 0 ][ 1 ][-1 ][ 0 ][ 0 ][-1 ][ 0 ][ 0 ][ 0 ][ 0 ][-1 ][ 0 ][ 0 ][ 0 ][ 0 ][ 1 ][ 0 ][ 0 ][-1 ][ 0 ][ 0 ][-1 ][ 0 ][ 0 ][ 0 ][ 0 ][ 0 ][ 0 ][-1 ][ 0 ][ 0 ][-1 ][ 0 ][ 0 ][ 0 ][ 0 ][ 0 ]
[ 0 ][ 0 ][-1 ][ 0 ][ 0 ][ 0 ][ 0 ][ 0 ][ 1 ][ 0 ][ 0 ][ 0 ][ 0 ][ 0 ][ 0 ][ 0 ][ 0 ][ 0 ][ 0 ][ 0 ][-1 ][ 1 ][ 1 ][ 0 ][-1 ][-1 ][-1 ][ 0 ][-1 ][ 0 ][ 0 ][-1 ][ 0 ][ 0 ][ 0 ][-1 ][ 0 ][-1 ][ 0 ][ 0 ][ 0 ][ 0 ][ 0 ][ 0 ][ 0 ][ 0 ][ 0 ][ 0 ][ 0 ][-1 ][-1 ][ 1 ][-1 ][ 0 ][-1 ][-1 ][ 0 ][ 0 ][ 0 ][ 0 ][ 0 ][ 0 ][ 0 ][-1 ]
[-1 ][ 0 ][ 0 ][-1 ][ 0 ][ 0 ][ 0 ][-1 ][-1 ][ 0 ][ 0 ][-1 ][ 0 ][ 0 ][ 0 ][ 0 ][ 0 ][ 0 ][ 0 ][ 0 ][-1 ][ 0 ][-1 ][-1 ][ 1 ][ 0 ][-1 ][ 0 ][ 0 ][ 0 ][-1 ][ 0 ][ 0 ][ 0 ][-1 ][ 1 ][ 0 ][ 0 ][ 0 ][-1 ][ 0 ][ 0 ][ 0 ][ 0 ][ 0 ][ 0 ][ 0 ][-1 ][ 0 ][ 0 ][ 0 ][-1 ][ 0 ][ 0 ][ 0 ][ 0 ][ 0 ][ 0 ][ 0 ][ 0 ][ 0 ][ 0 ][-1 ][ 0 ]
[ 0 ][-1 ][ 0 ][ 0 ][ 0 ][ 0 ][-1 ][ 0 ][ 0 ][-1 ][-1 ][ 0 ][ 0 ][-1 ][ 0 ][ 0 ][ 1 ][ 0 ][ 0 ][ 0 ][ 0 ][ 0 ][ 0 ][ 0 ][ 1 ][ 0 ][-1 ][ 0 ][ 0 ][ 0 ][ 0 ][ 0 ][-1 ][ 0 ][ 0 ][ 0 ][ 0 ][ 0 ][ 0 ][ 0 ][ 0 ][ 0 ][ 0 ][ 0 ][ 1 ][ 0 ][ 0 ][ 0 ][ 0 ][-1 ][ 0 ][ 0 ][-1 ][-1 ][ 1 ][ 0 ][ 0 ][ 0 ][ 0 ][-1 ][ 0 ][-1 ][ 1 ][ 0 ]
[ 0 ][ 0 ][ 0 ][ 0 ][ 0 ][ 0 ][ 0 ][-1 ][ 0 ][ 0 ][ 0 ][ 0 ][ 0 ][ 0 ][ 0 ][ 0 ][ 0 ][ 0 ][-1 ][ 0 ][ 1 ][ 0 ][ 0 ][ 0 ][ 0 ][-1 ][ 0 ][ 0 ][ 0 ][ 0 ][ 1 ][ 0 ][ 0 ][-1 ][-1 ][ 0 ][ 0 ][ 0 ][ 0 ][ 0 ][ 0 ][-1 ][ 0 ][ 0 ][ 0 ][-1 ][-1 ][ 0 ][ 1 ][ 0 ][-1 ][-1 ][ 0 ][ 0 ][ 0 ][ 1 ][ 0 ][ 0 ][ 0 ][ 0 ][ 0 ][ 0 ][ 0 ][-1 ]
[ 0 ][ 0 ][ 1 ][ 0 ][ 1 ][ 0 ][ 0 ][ 0 ][ 0 ][ 0 ][ 0 ][ 0 ][ 0 ][ 0 ][ 1 ][-1 ][ 0 ][ 0 ][ 0 ][ 0 ][ 0 ][ 0 ][ 0 ][ 0 ][ 0 ][-1 ][ 0 ][ 1 ][-1 ][-1 ][ 0 ][-1 ][ 0 ][ 0 ][ 0 ][ 0 ][ 0 ][ 0 ][-1 ][ 0 ][ 0 ][-1 ][ 1 ][-1 ][ 0 ][ 0 ][ 0 ][ 1 ][ 0 ][ 0 ][ 0 ][ 1 ][ 0 ][ 0 ][ 0 ][ 0 ][-1 ][ 0 ][-1 ][ 1 ][ 0 ][ 0 ][ 0 ][-1 ]
[ 0 ][ 0 ][ 0 ][ 0 ][ 0 ][ 0 ][ 0 ][ 0 ][ 0 ][ 0 ][ 0 ][-1 ][-1 ][ 0 ][ 0 ][-1 ][ 0 ][ 0 ][ 0 ][-1 ][ 0 ][ 0 ][-1 ][ 0 ][ 0 ][ 0 ][ 0 ][ 0 ][-1 ][ 0 ][ 0 ][ 0 ][ 0 ][ 0 ][ 0 ][ 0 ][ 0 ][-1 ][ 0 ][-1 ][ 0 ][ 0 ][ 0 ][-1 ][-1 ][ 0 ][ 0 ][ 0 ][ 0 ][ 0 ][ 0 ][ 0 ][ 0 ][ 0 ][ 0 ][-1 ][-1 ][ 1 ][ 0 ][ 0 ][ 0 ][ 0 ][ 0 ][ 0 ]
[ 0 ][ 0 ][ 0 ][ 0 ][ 1 ][-1 ][ 0 ][ 1 ][ 0 ][ 0 ][ 0 ][ 1 ][ 0 ][ 0 ][ 1 ][ 0 ][ 0 ][ 0 ][ 0 ][-1 ][ 1 ][ 0 ][ 0 ][ 0 ][-1 ][-1 ][-1 ][ 0 ][ 0 ][-1 ][ 0 ][ 0 ][ 0 ][ 0 ][ 0 ][ 0 ][ 0 ][ 0 ][ 0 ][ 0 ][ 0 ][-1 ][ 0 ][-1 ][ 0 ][ 0 ][ 0 ][ 0 ][ 0 ][ 0 ][-1 ][ 0 ][ 0 ][ 0 ][ 0 ][-1 ][ 0 ][ 0 ][-1 ][-1 ][ 0 ][ 0 ][-1 ][-1 ]
[ 0 ][ 0 ][ 0 ][ 0 ][ 0 ][ 0 ][ 0 ][ 1 ][ 0 ][ 0 ][ 0 ][ 0 ][ 0 ][ 0 ][ 0 ][ 0 ][ 0 ][ 0 ][ 0 ][ 0 ][ 1 ][-1 ][ 0 ][ 0 ][ 0 ][-1 ][-1 ][ 0 ][ 0 ][-1 ][ 1 ][ 0 ][ 0 ][ 0 ][ 0 ][ 0 ][ 1 ][ 0 ][-1 ][ 0 ][-1 ][ 0 ][ 0 ][ 0 ][-1 ][ 0 ][ 0 ][ 0 ][ 0 ][ 0 ][ 0 ][ 0 ][ 0 ][ 1 ][ 0 ][ 0 ][ 1 ][ 0 ][ 1 ][ 0 ][ 0 ][ 0 ][-1 ][ 0 ]
[ 0 ][ 1 ][ 1 ][ 0 ][-1 ][ 0 ][ 0 ][ 0 ][ 1 ][-1 ][ 0 ][-1 ][ 0 ][-1 ][ 0 ][ 0 ][ 0 ][ 0 ][ 0 ][-1 ][ 1 ][ 0 ][ 0 ][-1 ][ 1 ][ 0 ][ 0 ][-1 ][ 0 ][ 0 ][ 0 ][-1 ][ 0 ][ 0 ][ 0 ][ 0 ][ 0 ][ 0 ][ 0 ][ 0 ][ 0 ][ 0 ][ 0 ][ 0 ][ 0 ][ 0 ][-1 ][ 1 ][ 0 ][-1 ][ 0 ][ 0 ][ 0 ][ 0 ][ 0 ][ 1 ][ 0 ][ 0 ][ 0 ][ 0 ][ 0 ][ 0 ][-1 ][ 0 ]
[ 0 ][ 0 ][ 0 ][-1 ][ 0 ][-1 ][ 1 ][ 0 ][ 0 ][ 0 ][ 0 ][ 0 ][ 0 ][ 1 ][ 0 ][ 0 ][ 0 ][ 0 ][ 0 ][-1 ][ 0 ][ 1 ][ 0 ][-1 ][ 0 ][ 0 ][ 0 ][ 0 ][ 0 ][ 0 ][ 0 ][ 1 ][ 0 ][ 0 ][ 0 ][ 0 ][ 0 ][ 1 ][ 0 ][ 0 ][ 0 ][ 0 ][ 0 ][ 0 ][ 0 ][ 0 ][ 1 ][ 0 ][ 1 ][-1 ][ 0 ][ 0 ][ 0 ][ 0 ][-1 ][ 1 ][ 1 ][ 0 ][ 0 ][ 0 ][-1 ][-1 ][ 0 ][ 0 ]
[-1 ][ 0 ][ 0 ][ 0 ][ 0 ][ 0 ][ 0 ][ 0 ][ 0 ][ 1 ][ 0 ][ 0 ][-1 ][ 0 ][ 0 ][ 0 ][ 0 ][ 0 ][-1 ][ 0 ][ 1 ][-1 ][ 0 ][ 0 ][ 0 ][ 0 ][ 0 ][ 0 ][ 0 ][ 0 ][ 0 ][ 0 ][ 0 ][ 0 ][ 0 ][ 0 ][ 0 ][ 0 ][ 0 ][ 0 ][ 0 ][ 0 ][ 0 ][-1 ][ 0 ][ 0 ][-1 ][ 1 ][ 1 ][ 0 ][ 0 ][ 1 ][ 0 ][ 0 ][ 0 ][ 0 ][ 0 ][-1 ][ 0 ][ 0 ][-1 ][ 0 ][-1 ][-1 ]
[-1 ][ 0 ][ 0 ][ 0 ][ 0 ][ 0 ][ 0 ][ 0 ][ 0 ][ 0 ][ 0 ][-1 ][-1 ][ 0 ][ 0 ][-1 ][-1 ][ 0 ][ 0 ][-1 ][ 0 ][-1 ][ 0 ][-1 ][ 0 ][ 0 ][ 0 ][ 0 ][-1 ][ 0 ][ 1 ][ 0 ][ 0 ][-1 ][-1 ][ 0 ][-1 ][ 0 ][ 0 ][-1 ][ 0 ][ 0 ][ 0 ][ 0 ][ 0 ][-1 ][ 0 ][ 0 ][ 0 ][ 0 ][-1 ][ 0 ][ 0 ][-1 ][ 0 ][-1 ][-1 ][ 0 ][-1 ][ 0 ][ 0 ][ 0 ][ 0 ][ 0 ]
[ 1 ][ 0 ][ 0 ][ 0 ][ 0 ][ 0 ][-1 ][ 0 ][-1 ][ 0 ][ 0 ][ 0 ][ 0 ][ 0 ][-1 ][-1 ][ 0 ][ 0 ][-1 ][ 0 ][ 0 ][-1 ][ 0 ][ 0 ][ 1 ][ 0 ][ 0 ][ 0 ][ 0 ][ 0 ][ 0 ][ 0 ][ 0 ][ 0 ][ 0 ][ 0 ][-1 ][ 0 ][ 0 ][-1 ][-1 ][ 0 ][-1 ][ 0 ][ 0 ][ 0 ][ 0 ][ 0 ][ 0 ][ 0 ][ 0 ][ 0 ][ 0 ][ 0 ][ 0 ][ 0 ][-1 ][ 0 ][ 1 ][ 0 ][ 0 ][ 0 ][-1 ][ 0 ]

 
 
 